info it worked if it ends with ok
verbose cli [ 'node', '/usr/local/bin/npm', 'install', 'express', '-g' ]
info using npm@1.0.106
info using node@v0.6.6
verbose config file /Users/elenagragasin/.npmrc
verbose config file /usr/local/etc/npmrc
verbose config file /usr/local/lib/node_modules/npm/npmrc
verbose into /usr/local/lib [ 'express' ]
verbose cache add express
verbose cache add [ 'express', null ]
silly cache add: name, spec, args [ undefined, 'express', [ 'express', null ] ]
verbose parsed url { pathname: 'express', path: 'express', href: 'express' }
info addNamed [ 'express', '' ]
verbose addNamed [ null, '' ]
verbose GET express
verbose raw, before any munging express
verbose url resolving [ 'https://registry.npmjs.org/', './express' ]
verbose url resolved https://registry.npmjs.org/express
verbose etag "26K6ZBBFPO0HNQY14M5U50ZIB"
silly get cb [ 304,
silly get cb   { server: 'CouchDB/1.1.0 (Erlang OTP/R14B04)',
silly get cb     etag: '"26K6ZBBFPO0HNQY14M5U50ZIB"',
silly get cb     date: 'Wed, 08 Feb 2012 23:00:31 GMT',
silly get cb     'content-length': '0' } ]
verbose etag express from cache
verbose GET express/2.5.8
verbose raw, before any munging express/2.5.8
verbose url resolving [ 'https://registry.npmjs.org/', './express/2.5.8' ]
verbose url resolved https://registry.npmjs.org/express/2.5.8
verbose etag "26K6ZBBFPO0HNQY14M5U50ZIB"
silly get cb [ 304,
silly get cb   { server: 'CouchDB/1.1.0 (Erlang OTP/R14B04)',
silly get cb     etag: '"26K6ZBBFPO0HNQY14M5U50ZIB"',
silly get cb     date: 'Wed, 08 Feb 2012 23:00:32 GMT',
silly get cb     'content-length': '0' } ]
verbose etag express/2.5.8 from cache
verbose bin dist [ '0.6-ares1.7.5-DEV-evundefined-openssl0.9.8r-v83.6.6.14-darwin-x64-10.7.0',
verbose bin dist   { shasum: 'f166b55d4e8c6d2307ef88ad1768209613f7452a',
verbose bin dist     tarball: 'http://registry.npmjs.org/express/-/express-2.5.8.tgz' } ]
silly testEngine { name: 'express',
silly testEngine   description: 'Sinatra inspired web development framework',
silly testEngine   version: '2.5.8',
silly testEngine   author: { name: 'TJ Holowaychuk', email: 'tj@vision-media.ca' },
silly testEngine   contributors: 
silly testEngine    [ { name: 'TJ Holowaychuk', email: 'tj@vision-media.ca' },
silly testEngine      { name: 'Aaron Heckmann',
silly testEngine        email: 'aaron.heckmann+github@gmail.com' },
silly testEngine      { name: 'Ciaran Jessup', email: 'ciaranj@gmail.com' },
silly testEngine      { name: 'Guillermo Rauch', email: 'rauchg@gmail.com' } ],
silly testEngine   dependencies: { connect: '1.x', mime: '1.2.4', qs: '0.4.x', mkdirp: '0.3.0' },
silly testEngine   devDependencies: 
silly testEngine    { 'connect-form': '0.2.1',
silly testEngine      ejs: '0.4.2',
silly testEngine      expresso: '0.9.2',
silly testEngine      hamljs: '0.6.x',
silly testEngine      jade: '0.16.2',
silly testEngine      stylus: '0.13.0',
silly testEngine      should: '0.3.2',
silly testEngine      'express-messages': '0.0.2',
silly testEngine      'node-markdown': '>= 0.0.1',
silly testEngine      'connect-redis': '>= 0.0.1' },
silly testEngine   keywords: [ 'framework', 'sinatra', 'web', 'rest', 'restful' ],
silly testEngine   repository: { type: 'git', url: 'git://github.com/visionmedia/express.git' },
silly testEngine   main: 'index',
silly testEngine   bin: { express: './bin/express' },
silly testEngine   scripts: { test: 'make test', prepublish: 'npm prune' },
silly testEngine   engines: { node: '>= 0.4.1 < 0.7.0' },
silly testEngine   _id: 'express@2.5.8',
silly testEngine   _engineSupported: true,
silly testEngine   _npmVersion: '1.0.106',
silly testEngine   _nodeVersion: 'v0.6.6',
silly testEngine   _defaultsLoaded: true }
verbose caching /Users/elenagragasin/.npm/express/2.5.8/package/package.json
verbose loadDefaults express@2.5.8
silly resolved [ { name: 'express',
silly resolved     description: 'Sinatra inspired web development framework',
silly resolved     version: '2.5.8',
silly resolved     author: { name: 'TJ Holowaychuk', email: 'tj@vision-media.ca' },
silly resolved     contributors: 
silly resolved      [ { name: 'TJ Holowaychuk', email: 'tj@vision-media.ca' },
silly resolved        { name: 'Aaron Heckmann',
silly resolved          email: 'aaron.heckmann+github@gmail.com' },
silly resolved        { name: 'Ciaran Jessup', email: 'ciaranj@gmail.com' },
silly resolved        { name: 'Guillermo Rauch', email: 'rauchg@gmail.com' } ],
silly resolved     dependencies: { connect: '1.x', mime: '1.2.4', qs: '0.4.x', mkdirp: '0.3.0' },
silly resolved     devDependencies: 
silly resolved      { 'connect-form': '0.2.1',
silly resolved        ejs: '0.4.2',
silly resolved        expresso: '0.9.2',
silly resolved        hamljs: '0.6.x',
silly resolved        jade: '0.16.2',
silly resolved        stylus: '0.13.0',
silly resolved        should: '0.3.2',
silly resolved        'express-messages': '0.0.2',
silly resolved        'node-markdown': '>= 0.0.1',
silly resolved        'connect-redis': '>= 0.0.1' },
silly resolved     keywords: [ 'framework', 'sinatra', 'web', 'rest', 'restful' ],
silly resolved     repository: { type: 'git', url: 'git://github.com/visionmedia/express.git' },
silly resolved     main: 'index',
silly resolved     bin: { express: './bin/express' },
silly resolved     scripts: { test: 'make test', prepublish: 'npm prune' },
silly resolved     engines: { node: '>= 0.4.1 < 0.7.0' },
silly resolved     _id: 'express@2.5.8',
silly resolved     _engineSupported: true,
silly resolved     _npmVersion: '1.0.106',
silly resolved     _nodeVersion: 'v0.6.6',
silly resolved     _defaultsLoaded: true } ]
info into /usr/local/lib express@2.5.8
info installOne express@2.5.8
info unbuild /usr/local/lib/node_modules/express
verbose from cache /Users/elenagragasin/.npm/express/2.5.8/package/package.json
verbose mkdir (expected) error ENOENT, no such file or directory '/usr/local/lib/node_modules/___express.npm'
verbose mkdir done: /usr/local/lib/node_modules/___express.npm 755
verbose unpack_ uid, gid [ undefined, undefined ]
verbose unpackTarget /usr/local/lib/node_modules/express
silly gunzTarPerm modes [ '755', '644' ]
silly spawning [ 'tar',
silly spawning   [ '-zmvxpf',
silly spawning     '/Users/elenagragasin/.npm/express/2.5.8/package.tgz' ],
silly spawning   '/usr/local/lib/node_modules/___express.npm' ]
silly tar err x package/.npmignore
silly tar err x package/History.md
silly tar err x package/index.js
silly tar err x package/LICENSE
silly tar err x package/Makefile
silly tar err x package/package.json
silly tar err x package/Readme.md
silly tar err x package/bin/express
silly tar err x package/lib/express.js
silly tar err x package/lib/http.js
silly tar err x package/lib/https.js
silly tar err x package/lib/request.js
silly tar err x package/lib/response.js
silly tar err x package/lib/utils.js
silly tar err x package/lib/view.js
silly tar err x package/lib/router/collection.js
silly tar err x package/lib/router/index.js
silly tar err x package/lib/router/methods.js
silly tar err x package/lib/router/route.js
silly tar err x package/lib/view/partial.js
silly tar err x package/lib/view/view.js
silly tar err x package/testing/index.js
silly tar err x package/testing/public/test.txt
silly tar err x package/testing/views/page.html
silly tar err x package/testing/views/page.jade
silly tar err x package/testing/views/test.md
silly tar err x package/testing/views/user/index.jade
silly tar err x package/testing/views/user/list.jade
silly tar err x package/testing/foo/app.js
silly tar err x package/testing/foo/package.json
silly tar err x package/testing/foo/routes/index.js
silly tar err x package/testing/foo/views/index.jade
silly tar err x package/testing/foo/views/layout.jade
silly tar err x package/testing/foo/public/stylesheets/style.css
silly tar exit 0
silly asyncMap in gTP /usr/local/lib/node_modules/___express.npm/package
silly asyncMap in gTP /usr/local/lib/node_modules/___express.npm/package/.npmignore
silly asyncMap in gTP /usr/local/lib/node_modules/___express.npm/package/History.md
silly asyncMap in gTP /usr/local/lib/node_modules/___express.npm/package/index.js
silly asyncMap in gTP /usr/local/lib/node_modules/___express.npm/package/LICENSE
silly asyncMap in gTP /usr/local/lib/node_modules/___express.npm/package/Makefile
silly asyncMap in gTP /usr/local/lib/node_modules/___express.npm/package/package.json
silly asyncMap in gTP /usr/local/lib/node_modules/___express.npm/package/Readme.md
silly asyncMap in gTP /usr/local/lib/node_modules/___express.npm/package/bin
silly asyncMap in gTP /usr/local/lib/node_modules/___express.npm/package/bin/express
silly asyncMap in gTP /usr/local/lib/node_modules/___express.npm/package/lib
silly asyncMap in gTP /usr/local/lib/node_modules/___express.npm/package/lib/express.js
silly asyncMap in gTP /usr/local/lib/node_modules/___express.npm/package/lib/http.js
silly asyncMap in gTP /usr/local/lib/node_modules/___express.npm/package/lib/https.js
silly asyncMap in gTP /usr/local/lib/node_modules/___express.npm/package/lib/request.js
silly asyncMap in gTP /usr/local/lib/node_modules/___express.npm/package/lib/response.js
silly asyncMap in gTP /usr/local/lib/node_modules/___express.npm/package/lib/utils.js
silly asyncMap in gTP /usr/local/lib/node_modules/___express.npm/package/lib/view.js
silly asyncMap in gTP /usr/local/lib/node_modules/___express.npm/package/lib/router
silly asyncMap in gTP /usr/local/lib/node_modules/___express.npm/package/lib/router/collection.js
silly asyncMap in gTP /usr/local/lib/node_modules/___express.npm/package/lib/router/index.js
silly asyncMap in gTP /usr/local/lib/node_modules/___express.npm/package/lib/router/methods.js
silly asyncMap in gTP /usr/local/lib/node_modules/___express.npm/package/lib/router/route.js
silly asyncMap in gTP /usr/local/lib/node_modules/___express.npm/package/lib/view
silly asyncMap in gTP /usr/local/lib/node_modules/___express.npm/package/lib/view/partial.js
silly asyncMap in gTP /usr/local/lib/node_modules/___express.npm/package/lib/view/view.js
silly asyncMap in gTP /usr/local/lib/node_modules/___express.npm/package/testing
silly asyncMap in gTP /usr/local/lib/node_modules/___express.npm/package/testing/index.js
silly asyncMap in gTP /usr/local/lib/node_modules/___express.npm/package/testing/public
silly asyncMap in gTP /usr/local/lib/node_modules/___express.npm/package/testing/public/test.txt
silly asyncMap in gTP /usr/local/lib/node_modules/___express.npm/package/testing/views
silly asyncMap in gTP /usr/local/lib/node_modules/___express.npm/package/testing/views/page.html
silly asyncMap in gTP /usr/local/lib/node_modules/___express.npm/package/testing/views/page.jade
silly asyncMap in gTP /usr/local/lib/node_modules/___express.npm/package/testing/views/test.md
silly asyncMap in gTP /usr/local/lib/node_modules/___express.npm/package/testing/views/user
silly asyncMap in gTP /usr/local/lib/node_modules/___express.npm/package/testing/views/user/index.jade
silly asyncMap in gTP /usr/local/lib/node_modules/___express.npm/package/testing/views/user/list.jade
silly asyncMap in gTP /usr/local/lib/node_modules/___express.npm/package/testing/foo
silly asyncMap in gTP /usr/local/lib/node_modules/___express.npm/package/testing/foo/app.js
silly asyncMap in gTP /usr/local/lib/node_modules/___express.npm/package/testing/foo/package.json
silly asyncMap in gTP /usr/local/lib/node_modules/___express.npm/package/testing/foo/routes
silly asyncMap in gTP /usr/local/lib/node_modules/___express.npm/package/testing/foo/routes/index.js
silly asyncMap in gTP /usr/local/lib/node_modules/___express.npm/package/testing/foo/views
silly asyncMap in gTP /usr/local/lib/node_modules/___express.npm/package/testing/foo/views/index.jade
silly asyncMap in gTP /usr/local/lib/node_modules/___express.npm/package/testing/foo/views/layout.jade
silly asyncMap in gTP /usr/local/lib/node_modules/___express.npm/package/testing/foo/public
silly asyncMap in gTP /usr/local/lib/node_modules/___express.npm/package/testing/foo/public/stylesheets
silly asyncMap in gTP /usr/local/lib/node_modules/___express.npm/package/testing/foo/public/stylesheets/style.css
verbose gunzed /usr/local/lib/node_modules/___express.npm/package
verbose rm'ed /usr/local/lib/node_modules/express
verbose renamed [ '/usr/local/lib/node_modules/___express.npm/package',
verbose renamed   '/usr/local/lib/node_modules/express' ]
silly testEngine { name: 'express',
silly testEngine   description: 'Sinatra inspired web development framework',
silly testEngine   version: '2.5.8',
silly testEngine   author: { name: 'TJ Holowaychuk', email: 'tj@vision-media.ca' },
silly testEngine   contributors: 
silly testEngine    [ { name: 'TJ Holowaychuk', email: 'tj@vision-media.ca' },
silly testEngine      { name: 'Aaron Heckmann',
silly testEngine        email: 'aaron.heckmann+github@gmail.com' },
silly testEngine      { name: 'Ciaran Jessup', email: 'ciaranj@gmail.com' },
silly testEngine      { name: 'Guillermo Rauch', email: 'rauchg@gmail.com' } ],
silly testEngine   dependencies: { connect: '1.x', mime: '1.2.4', qs: '0.4.x', mkdirp: '0.3.0' },
silly testEngine   devDependencies: 
silly testEngine    { 'connect-form': '0.2.1',
silly testEngine      ejs: '0.4.2',
silly testEngine      expresso: '0.9.2',
silly testEngine      hamljs: '0.6.x',
silly testEngine      jade: '0.16.2',
silly testEngine      stylus: '0.13.0',
silly testEngine      should: '0.3.2',
silly testEngine      'express-messages': '0.0.2',
silly testEngine      'node-markdown': '>= 0.0.1',
silly testEngine      'connect-redis': '>= 0.0.1' },
silly testEngine   keywords: [ 'framework', 'sinatra', 'web', 'rest', 'restful' ],
silly testEngine   repository: { type: 'git', url: 'git://github.com/visionmedia/express.git' },
silly testEngine   main: 'index',
silly testEngine   bin: { express: './bin/express' },
silly testEngine   scripts: { test: 'make test', prepublish: 'npm prune' },
silly testEngine   engines: { node: '>= 0.4.1 < 0.7.0' },
silly testEngine   _id: 'express@2.5.8',
silly testEngine   _engineSupported: true,
silly testEngine   _npmVersion: '1.0.106',
silly testEngine   _nodeVersion: 'v0.6.6',
silly testEngine   _defaultsLoaded: true }
verbose caching /usr/local/lib/node_modules/express/package.json
verbose loadDefaults express@2.5.8
info preinstall express@2.5.8
verbose from cache /usr/local/lib/node_modules/express/package.json
verbose into /usr/local/lib/node_modules/express [ 'connect@1.x', 'mime@1.2.4', 'qs@0.4.x', 'mkdirp@0.3.0' ]
verbose cache add connect@1.x
verbose cache add [ 'connect@1.x', null ]
silly cache add: name, spec, args [ undefined, 'connect@1.x', [ 'connect@1.x', null ] ]
verbose parsed url { pathname: 'connect@1.x',
verbose parsed url   path: 'connect@1.x',
verbose parsed url   href: 'connect@1.x' }
silly cache add: name, spec, args [ 'connect', '1.x', [ 'connect', '1.x' ] ]
verbose parsed url { pathname: '1.x', path: '1.x', href: '1.x' }
info addNamed [ 'connect', '1.x' ]
verbose addNamed [ null, '>=1.0.0- <2.0.0-' ]
verbose cache add mime@1.2.4
verbose cache add [ 'mime@1.2.4', null ]
silly cache add: name, spec, args [ undefined, 'mime@1.2.4', [ 'mime@1.2.4', null ] ]
verbose parsed url { pathname: 'mime@1.2.4',
verbose parsed url   path: 'mime@1.2.4',
verbose parsed url   href: 'mime@1.2.4' }
silly cache add: name, spec, args [ 'mime', '1.2.4', [ 'mime', '1.2.4' ] ]
verbose parsed url { pathname: '1.2.4', path: '1.2.4', href: '1.2.4' }
info addNamed [ 'mime', '1.2.4' ]
verbose addNamed [ '1.2.4', '1.2.4' ]
verbose cache add qs@0.4.x
verbose cache add [ 'qs@0.4.x', null ]
silly cache add: name, spec, args [ undefined, 'qs@0.4.x', [ 'qs@0.4.x', null ] ]
verbose parsed url { pathname: 'qs@0.4.x', path: 'qs@0.4.x', href: 'qs@0.4.x' }
silly cache add: name, spec, args [ 'qs', '0.4.x', [ 'qs', '0.4.x' ] ]
verbose parsed url { pathname: '0.4.x', path: '0.4.x', href: '0.4.x' }
info addNamed [ 'qs', '0.4.x' ]
verbose addNamed [ null, '>=0.4.0- <0.5.0-' ]
verbose cache add mkdirp@0.3.0
verbose cache add [ 'mkdirp@0.3.0', null ]
silly cache add: name, spec, args [ undefined, 'mkdirp@0.3.0', [ 'mkdirp@0.3.0', null ] ]
verbose parsed url { pathname: 'mkdirp@0.3.0',
verbose parsed url   path: 'mkdirp@0.3.0',
verbose parsed url   href: 'mkdirp@0.3.0' }
silly cache add: name, spec, args [ 'mkdirp', '0.3.0', [ 'mkdirp', '0.3.0' ] ]
verbose parsed url { pathname: '0.3.0', path: '0.3.0', href: '0.3.0' }
info addNamed [ 'mkdirp', '0.3.0' ]
verbose addNamed [ '0.3.0', '0.3.0' ]
verbose GET mime/1.2.4
verbose raw, before any munging mime/1.2.4
verbose url resolving [ 'https://registry.npmjs.org/', './mime/1.2.4' ]
verbose url resolved https://registry.npmjs.org/mime/1.2.4
verbose etag "1CU7LXHNPQKCQY32QJVPBSJDE"
verbose GET connect
verbose raw, before any munging connect
verbose url resolving [ 'https://registry.npmjs.org/', './connect' ]
verbose url resolved https://registry.npmjs.org/connect
verbose etag "9X8QGROIFM9YZ25BLK099J0ZN"
verbose GET qs
verbose raw, before any munging qs
verbose url resolving [ 'https://registry.npmjs.org/', './qs' ]
verbose url resolved https://registry.npmjs.org/qs
verbose etag "88ML9H4MRNIP4WV0VPPU5J1JF"
verbose GET mkdirp/0.3.0
verbose raw, before any munging mkdirp/0.3.0
verbose url resolving [ 'https://registry.npmjs.org/', './mkdirp/0.3.0' ]
verbose url resolved https://registry.npmjs.org/mkdirp/0.3.0
verbose etag "5GQA9JGY68ZZBHMS7M8U1BU5U"
silly get cb [ 304,
silly get cb   { server: 'CouchDB/1.1.0 (Erlang OTP/R14B04)',
silly get cb     etag: '"5GQA9JGY68ZZBHMS7M8U1BU5U"',
silly get cb     date: 'Wed, 08 Feb 2012 23:00:34 GMT',
silly get cb     'content-length': '0' } ]
verbose etag mkdirp/0.3.0 from cache
verbose bin dist [ '0.6-ares1.7.5-DEV-evundefined-openssl0.9.8r-v83.6.6.14-darwin-x64-10.7.0',
verbose bin dist   { shasum: '1bbf5ab1ba827af23575143490426455f481fe1e',
verbose bin dist     tarball: 'http://registry.npmjs.org/mkdirp/-/mkdirp-0.3.0.tgz' } ]
silly testEngine { name: 'mkdirp',
silly testEngine   description: 'Recursively mkdir, like `mkdir -p`',
silly testEngine   version: '0.3.0',
silly testEngine   author: 
silly testEngine    { name: 'James Halliday',
silly testEngine      email: 'mail@substack.net',
silly testEngine      url: 'http://substack.net' },
silly testEngine   main: './index',
silly testEngine   keywords: [ 'mkdir', 'directory' ],
silly testEngine   repository: 
silly testEngine    { type: 'git',
silly testEngine      url: 'git://github.com/substack/node-mkdirp.git' },
silly testEngine   scripts: { test: 'tap test/*.js' },
silly testEngine   devDependencies: { tap: '0.0.x' },
silly testEngine   license: 'MIT/X11',
silly testEngine   engines: { node: '*' },
silly testEngine   _id: 'mkdirp@0.3.0',
silly testEngine   dependencies: {},
silly testEngine   _engineSupported: true,
silly testEngine   _npmVersion: '1.0.106',
silly testEngine   _nodeVersion: 'v0.6.6',
silly testEngine   _defaultsLoaded: true }
verbose caching /Users/elenagragasin/.npm/mkdirp/0.3.0/package/package.json
verbose loadDefaults mkdirp@0.3.0
silly get cb [ 304,
silly get cb   { server: 'CouchDB/1.1.0 (Erlang OTP/R14B04)',
silly get cb     etag: '"1CU7LXHNPQKCQY32QJVPBSJDE"',
silly get cb     date: 'Wed, 08 Feb 2012 23:00:34 GMT',
silly get cb     'content-length': '0' } ]
verbose etag mime/1.2.4 from cache
verbose bin dist [ '0.6-ares1.7.5-DEV-evundefined-openssl0.9.8r-v83.6.6.14-darwin-x64-10.7.0',
verbose bin dist   { shasum: '11b5fdaf29c2509255176b80ad520294f5de92b7',
verbose bin dist     tarball: 'http://registry.npmjs.org/mime/-/mime-1.2.4.tgz' } ]
silly testEngine { author: 
silly testEngine    { name: 'Robert Kieffer',
silly testEngine      email: 'robert@broofa.com',
silly testEngine      url: 'http://github.com/broofa' },
silly testEngine   contributors: 
silly testEngine    [ { name: 'Benjamin Thomas',
silly testEngine        email: 'benjamin@benjaminthomas.org',
silly testEngine        url: 'http://github.com/bentomas' } ],
silly testEngine   dependencies: {},
silly testEngine   description: 'A comprehensive library for mime-type mapping',
silly testEngine   devDependencies: { async_testing: '' },
silly testEngine   keywords: [ 'util', 'mime' ],
silly testEngine   main: 'mime.js',
silly testEngine   name: 'mime',
silly testEngine   repository: { url: 'git://github.com/bentomas/node-mime.git', type: 'git' },
silly testEngine   version: '1.2.4',
silly testEngine   _id: 'mime@1.2.4',
silly testEngine   engines: { node: '*' },
silly testEngine   _engineSupported: true,
silly testEngine   _npmVersion: '1.0.106',
silly testEngine   _nodeVersion: 'v0.6.6',
silly testEngine   _defaultsLoaded: true,
silly testEngine   scripts: {} }
verbose caching /Users/elenagragasin/.npm/mime/1.2.4/package/package.json
verbose loadDefaults mime@1.2.4
silly get cb [ 304,
silly get cb   { server: 'CouchDB/1.1.0 (Erlang OTP/R14B04)',
silly get cb     etag: '"9X8QGROIFM9YZ25BLK099J0ZN"',
silly get cb     date: 'Wed, 08 Feb 2012 23:00:34 GMT',
silly get cb     'content-length': '0' } ]
verbose etag connect from cache
silly get cb [ 304,
silly get cb   { server: 'CouchDB/1.1.0 (Erlang OTP/R14B04)',
silly get cb     etag: '"88ML9H4MRNIP4WV0VPPU5J1JF"',
silly get cb     date: 'Wed, 08 Feb 2012 23:00:34 GMT',
silly get cb     'content-length': '0' } ]
verbose etag qs from cache
verbose GET connect/1.8.5
verbose raw, before any munging connect/1.8.5
verbose url resolving [ 'https://registry.npmjs.org/', './connect/1.8.5' ]
verbose url resolved https://registry.npmjs.org/connect/1.8.5
verbose etag "9X8QGROIFM9YZ25BLK099J0ZN"
verbose GET qs/0.4.2
verbose raw, before any munging qs/0.4.2
verbose url resolving [ 'https://registry.npmjs.org/', './qs/0.4.2' ]
verbose url resolved https://registry.npmjs.org/qs/0.4.2
verbose etag "88ML9H4MRNIP4WV0VPPU5J1JF"
silly get cb [ 304,
silly get cb   { server: 'CouchDB/1.1.0 (Erlang OTP/R14B04)',
silly get cb     etag: '"88ML9H4MRNIP4WV0VPPU5J1JF"',
silly get cb     date: 'Wed, 08 Feb 2012 23:00:35 GMT',
silly get cb     'content-length': '0' } ]
verbose etag qs/0.4.2 from cache
silly get cb [ 304,
silly get cb   { server: 'CouchDB/1.1.0 (Erlang OTP/R14B04)',
silly get cb     etag: '"9X8QGROIFM9YZ25BLK099J0ZN"',
silly get cb     date: 'Wed, 08 Feb 2012 23:00:35 GMT',
silly get cb     'content-length': '0' } ]
verbose etag connect/1.8.5 from cache
verbose bin dist [ '0.6-ares1.7.5-DEV-evundefined-openssl0.9.8r-v83.6.6.14-darwin-x64-10.7.0',
verbose bin dist   { shasum: '3cac4c861e371a8c9c4770ac23cda8de639b8e5f',
verbose bin dist     tarball: 'http://registry.npmjs.org/qs/-/qs-0.4.2.tgz' } ]
verbose bin dist [ '0.6-ares1.7.5-DEV-evundefined-openssl0.9.8r-v83.6.6.14-darwin-x64-10.7.0',
verbose bin dist   { shasum: 'e7ec35a6598d96b6c2dadab817152b406b35d949',
verbose bin dist     tarball: 'http://registry.npmjs.org/connect/-/connect-1.8.5.tgz' } ]
silly testEngine { name: 'qs',
silly testEngine   description: 'querystring parser',
silly testEngine   version: '0.4.2',
silly testEngine   repository: 
silly testEngine    { type: 'git',
silly testEngine      url: 'git://github.com/visionmedia/node-querystring.git' },
silly testEngine   devDependencies: { mocha: '*', should: '*' },
silly testEngine   author: 
silly testEngine    { name: 'TJ Holowaychuk',
silly testEngine      email: 'tj@vision-media.ca',
silly testEngine      url: 'http://tjholowaychuk.com' },
silly testEngine   main: 'index',
silly testEngine   engines: { node: '*' },
silly testEngine   _id: 'qs@0.4.2',
silly testEngine   dependencies: {},
silly testEngine   _engineSupported: true,
silly testEngine   _npmVersion: '1.0.106',
silly testEngine   _nodeVersion: 'v0.6.6',
silly testEngine   _defaultsLoaded: true,
silly testEngine   scripts: {} }
verbose caching /Users/elenagragasin/.npm/qs/0.4.2/package/package.json
verbose loadDefaults qs@0.4.2
silly testEngine { name: 'connect',
silly testEngine   version: '1.8.5',
silly testEngine   description: 'High performance middleware framework',
silly testEngine   keywords: [ 'framework', 'web', 'middleware', 'connect', 'rack' ],
silly testEngine   repository: { type: 'git', url: 'git://github.com/senchalabs/connect.git' },
silly testEngine   author: 
silly testEngine    { name: 'TJ Holowaychuk',
silly testEngine      email: 'tj@vision-media.ca',
silly testEngine      url: 'http://tjholowaychuk.com' },
silly testEngine   dependencies: { qs: '>= 0.4.0', mime: '>= 0.0.1', formidable: '1.0.x' },
silly testEngine   devDependencies: 
silly testEngine    { expresso: '0.9.2',
silly testEngine      koala: '0.1.2',
silly testEngine      less: '1.1.1',
silly testEngine      sass: '0.5.0',
silly testEngine      markdown: '0.2.1',
silly testEngine      ejs: '0.4.3',
silly testEngine      should: '0.3.2' },
silly testEngine   main: 'index',
silly testEngine   engines: { node: '>= 0.4.1 < 0.7.0' },
silly testEngine   _id: 'connect@1.8.5',
silly testEngine   _engineSupported: true,
silly testEngine   _npmVersion: '1.0.106',
silly testEngine   _nodeVersion: 'v0.6.6',
silly testEngine   _defaultsLoaded: true,
silly testEngine   scripts: {} }
verbose caching /Users/elenagragasin/.npm/connect/1.8.5/package/package.json
verbose loadDefaults connect@1.8.5
silly resolved [ { name: 'mkdirp',
silly resolved     description: 'Recursively mkdir, like `mkdir -p`',
silly resolved     version: '0.3.0',
silly resolved     author: 
silly resolved      { name: 'James Halliday',
silly resolved        email: 'mail@substack.net',
silly resolved        url: 'http://substack.net' },
silly resolved     main: './index',
silly resolved     keywords: [ 'mkdir', 'directory' ],
silly resolved     repository: 
silly resolved      { type: 'git',
silly resolved        url: 'git://github.com/substack/node-mkdirp.git' },
silly resolved     scripts: { test: 'tap test/*.js' },
silly resolved     devDependencies: { tap: '0.0.x' },
silly resolved     license: 'MIT/X11',
silly resolved     engines: { node: '*' },
silly resolved     _id: 'mkdirp@0.3.0',
silly resolved     dependencies: {},
silly resolved     _engineSupported: true,
silly resolved     _npmVersion: '1.0.106',
silly resolved     _nodeVersion: 'v0.6.6',
silly resolved     _defaultsLoaded: true },
silly resolved   { author: 
silly resolved      { name: 'Robert Kieffer',
silly resolved        email: 'robert@broofa.com',
silly resolved        url: 'http://github.com/broofa' },
silly resolved     contributors: 
silly resolved      [ { name: 'Benjamin Thomas',
silly resolved          email: 'benjamin@benjaminthomas.org',
silly resolved          url: 'http://github.com/bentomas' } ],
silly resolved     dependencies: {},
silly resolved     description: 'A comprehensive library for mime-type mapping',
silly resolved     devDependencies: { async_testing: '' },
silly resolved     keywords: [ 'util', 'mime' ],
silly resolved     main: 'mime.js',
silly resolved     name: 'mime',
silly resolved     repository: { url: 'git://github.com/bentomas/node-mime.git', type: 'git' },
silly resolved     version: '1.2.4',
silly resolved     _id: 'mime@1.2.4',
silly resolved     engines: { node: '*' },
silly resolved     _engineSupported: true,
silly resolved     _npmVersion: '1.0.106',
silly resolved     _nodeVersion: 'v0.6.6',
silly resolved     _defaultsLoaded: true,
silly resolved     scripts: {} },
silly resolved   { name: 'qs',
silly resolved     description: 'querystring parser',
silly resolved     version: '0.4.2',
silly resolved     repository: 
silly resolved      { type: 'git',
silly resolved        url: 'git://github.com/visionmedia/node-querystring.git' },
silly resolved     devDependencies: { mocha: '*', should: '*' },
silly resolved     author: 
silly resolved      { name: 'TJ Holowaychuk',
silly resolved        email: 'tj@vision-media.ca',
silly resolved        url: 'http://tjholowaychuk.com' },
silly resolved     main: 'index',
silly resolved     engines: { node: '*' },
silly resolved     _id: 'qs@0.4.2',
silly resolved     dependencies: {},
silly resolved     _engineSupported: true,
silly resolved     _npmVersion: '1.0.106',
silly resolved     _nodeVersion: 'v0.6.6',
silly resolved     _defaultsLoaded: true,
silly resolved     scripts: {} },
silly resolved   { name: 'connect',
silly resolved     version: '1.8.5',
silly resolved     description: 'High performance middleware framework',
silly resolved     keywords: [ 'framework', 'web', 'middleware', 'connect', 'rack' ],
silly resolved     repository: { type: 'git', url: 'git://github.com/senchalabs/connect.git' },
silly resolved     author: 
silly resolved      { name: 'TJ Holowaychuk',
silly resolved        email: 'tj@vision-media.ca',
silly resolved        url: 'http://tjholowaychuk.com' },
silly resolved     dependencies: { qs: '>= 0.4.0', mime: '>= 0.0.1', formidable: '1.0.x' },
silly resolved     devDependencies: 
silly resolved      { expresso: '0.9.2',
silly resolved        koala: '0.1.2',
silly resolved        less: '1.1.1',
silly resolved        sass: '0.5.0',
silly resolved        markdown: '0.2.1',
silly resolved        ejs: '0.4.3',
silly resolved        should: '0.3.2' },
silly resolved     main: 'index',
silly resolved     engines: { node: '>= 0.4.1 < 0.7.0' },
silly resolved     _id: 'connect@1.8.5',
silly resolved     _engineSupported: true,
silly resolved     _npmVersion: '1.0.106',
silly resolved     _nodeVersion: 'v0.6.6',
silly resolved     _defaultsLoaded: true,
silly resolved     scripts: {} } ]
info into /usr/local/lib/node_modules/express mkdirp@0.3.0
info into /usr/local/lib/node_modules/express mime@1.2.4
info into /usr/local/lib/node_modules/express qs@0.4.2
info into /usr/local/lib/node_modules/express connect@1.8.5
info installOne mkdirp@0.3.0
info installOne mime@1.2.4
info installOne qs@0.4.2
info installOne connect@1.8.5
info unbuild /usr/local/lib/node_modules/express/node_modules/mkdirp
info unbuild /usr/local/lib/node_modules/express/node_modules/mime
info unbuild /usr/local/lib/node_modules/express/node_modules/qs
info unbuild /usr/local/lib/node_modules/express/node_modules/connect
verbose from cache /Users/elenagragasin/.npm/mkdirp/0.3.0/package/package.json
verbose from cache /Users/elenagragasin/.npm/mime/1.2.4/package/package.json
verbose from cache /Users/elenagragasin/.npm/qs/0.4.2/package/package.json
verbose from cache /Users/elenagragasin/.npm/connect/1.8.5/package/package.json
verbose mkdir (expected) error ENOENT, no such file or directory '/usr/local/lib/node_modules/express/node_modules'
verbose mkdir (expected) error ENOENT, no such file or directory '/usr/local/lib/node_modules/express/node_modules'
verbose mkdir (expected) error ENOENT, no such file or directory '/usr/local/lib/node_modules/express/node_modules'
verbose mkdir (expected) error ENOENT, no such file or directory '/usr/local/lib/node_modules/express/node_modules'
verbose mkdir (expected) error ENOENT, no such file or directory '/usr/local/lib/node_modules/express/node_modules/___mkdirp.npm'
verbose mkdir done: /usr/local/lib/node_modules/express/node_modules/___mkdirp.npm 755
verbose mkdir (expected) error ENOENT, no such file or directory '/usr/local/lib/node_modules/express/node_modules/___mime.npm'
verbose mkdir (expected) error ENOENT, no such file or directory '/usr/local/lib/node_modules/express/node_modules/___qs.npm'
verbose mkdir (expected) error ENOENT, no such file or directory '/usr/local/lib/node_modules/express/node_modules/___connect.npm'
verbose unpack_ uid, gid [ undefined, undefined ]
verbose unpackTarget /usr/local/lib/node_modules/express/node_modules/mkdirp
silly gunzTarPerm modes [ '755', '644' ]
silly spawning [ 'tar',
silly spawning   [ '-zmvxpf',
silly spawning     '/Users/elenagragasin/.npm/mkdirp/0.3.0/package.tgz' ],
silly spawning   '/usr/local/lib/node_modules/express/node_modules/___mkdirp.npm' ]
verbose mkdir done: /usr/local/lib/node_modules/express/node_modules/___mime.npm 755
verbose mkdir done: /usr/local/lib/node_modules/express/node_modules/___qs.npm 755
verbose mkdir done: /usr/local/lib/node_modules/express/node_modules/___connect.npm 755
silly tar err x package/.gitignore
silly tar err x package/.gitignore.orig
silly tar err x package/.gitignore.rej
silly tar err x package/index.js
silly tar err x package/LICENSE
silly tar err x package/package.json
silly tar err x package/README.markdown
silly tar err x package/examples/pow.js
silly tar err x package/examples/pow.js.orig
silly tar err x package/examples/pow.js.rej
silly tar err x package/test/chmod.js
silly tar err x package/test/clobber.js
silly tar err x package/test/mkdirp.js
silly tar err x package/test/perm.js
silly tar err x package/test/perm_sync.js
silly tar err x package/test/race.js
silly tar err x package/test/rel.js
silly tar err x package/test/sync.js
silly tar err x package/test/umask.js
silly tar err x package/test/umask_sync.js
verbose unpack_ uid, gid [ undefined, undefined ]
verbose unpackTarget /usr/local/lib/node_modules/express/node_modules/mime
silly gunzTarPerm modes [ '755', '644' ]
silly spawning [ 'tar',
silly spawning   [ '-zmvxpf',
silly spawning     '/Users/elenagragasin/.npm/mime/1.2.4/package.tgz' ],
silly spawning   '/usr/local/lib/node_modules/express/node_modules/___mime.npm' ]
verbose unpack_ uid, gid [ undefined, undefined ]
verbose unpackTarget /usr/local/lib/node_modules/express/node_modules/qs
silly gunzTarPerm modes [ '755', '644' ]
silly spawning [ 'tar',
silly spawning   [ '-zmvxpf', '/Users/elenagragasin/.npm/qs/0.4.2/package.tgz' ],
silly spawning   '/usr/local/lib/node_modules/express/node_modules/___qs.npm' ]
verbose unpack_ uid, gid [ undefined, undefined ]
verbose unpackTarget /usr/local/lib/node_modules/express/node_modules/connect
silly gunzTarPerm modes [ '755', '644' ]
silly spawning [ 'tar',
silly spawning   [ '-zmvxpf',
silly spawning     '/Users/elenagragasin/.npm/connect/1.8.5/package.tgz' ],
silly spawning   '/usr/local/lib/node_modules/express/node_modules/___connect.npm' ]
silly tar exit 0
silly tar err x package/.npmignore
silly tar err x package/index.js
silly tar err x package/LICENSE
silly tar err x package/package.json
silly tar err x package/test.js
silly tar err x package/lib/cache.js
silly tar err x package/lib/http.js
silly tar err x package/.gitignore
silly tar err x package/.gitmodules
silly tar err x package/.travis.yml
silly tar err x package/benchmark.js
silly tar err x package/examples.js
silly tar err x package/History.md
silly tar err x package/index.js
silly tar err x package/Makefile
silly tar err x package/package.json
silly tar err x package/Readme.md
silly tar err x package/lib/querystring.js
silly tar err x package/test/mocha.opts
silly tar err x package/test/parse.js
silly tar err x package/test/stringify.js
silly tar err x package/LICENSE
silly tar err x package/mime.js
silly tar err x package/package.json
silly tar err x package/README.md
silly tar err x package/test.js
silly tar err x package/types/mime.types
silly tar err x package/types/node.types
silly tar exit 0
silly tar exit 0
silly tar err x package/lib/connect.js
silly tar err x package/lib/https.js
silly tar err x package/lib/index.js
silly tar err x package/lib/patch.js
silly tar err x package/lib/utils.js
silly tar err x package/lib/middleware/basicAuth.js
silly tar err x package/lib/middleware/bodyParser.js
silly tar err x package/lib/middleware/compiler.js
silly tar err x package/lib/middleware/cookieParser.js
silly tar err x package/lib/middleware/csrf.js
silly tar err x package/lib/middleware/directory.js
silly tar err x package/lib/middleware/errorHandler.js
silly tar err x package/lib/middleware/favicon.js
silly tar err x package/lib/middleware/limit.js
silly tar err x package/lib/middleware/logger.js
silly tar err x package/lib/middleware/methodOverride.js
silly tar err x package/lib/middleware/profiler.js
silly tar err x package/lib/middleware/query.js
silly tar err x package/lib/middleware/responseTime.js
silly tar err x package/lib/middleware/router.js
silly tar err x package/lib/middleware/session.js
silly tar err x package/lib/middleware/static.js
silly tar err x package/lib/middleware/staticCache.js
silly tar err x package/lib/middleware/vhost.js
silly tar err x package/lib/middleware/session/cookie.js
silly tar err x package/lib/middleware/session/memory.js
silly tar err x package/lib/middleware/session/session.js
silly tar err x package/lib/middleware/session/store.js
silly tar err x package/lib/public/directory.html
silly asyncMap in gTP /usr/local/lib/node_modules/express/node_modules/___mkdirp.npm/package
silly asyncMap in gTP /usr/local/lib/node_modules/express/node_modules/___mkdirp.npm/package/.gitignore
silly asyncMap in gTP /usr/local/lib/node_modules/express/node_modules/___mkdirp.npm/package/.gitignore.orig
silly asyncMap in gTP /usr/local/lib/node_modules/express/node_modules/___mkdirp.npm/package/.gitignore.rej
silly asyncMap in gTP /usr/local/lib/node_modules/express/node_modules/___mkdirp.npm/package/index.js
silly asyncMap in gTP /usr/local/lib/node_modules/express/node_modules/___mkdirp.npm/package/LICENSE
silly asyncMap in gTP /usr/local/lib/node_modules/express/node_modules/___mkdirp.npm/package/package.json
silly asyncMap in gTP /usr/local/lib/node_modules/express/node_modules/___mkdirp.npm/package/README.markdown
silly asyncMap in gTP /usr/local/lib/node_modules/express/node_modules/___mkdirp.npm/package/examples
silly asyncMap in gTP /usr/local/lib/node_modules/express/node_modules/___mkdirp.npm/package/examples/pow.js
silly asyncMap in gTP /usr/local/lib/node_modules/express/node_modules/___mkdirp.npm/package/examples/pow.js.orig
silly asyncMap in gTP /usr/local/lib/node_modules/express/node_modules/___mkdirp.npm/package/examples/pow.js.rej
silly asyncMap in gTP /usr/local/lib/node_modules/express/node_modules/___mkdirp.npm/package/test
silly asyncMap in gTP /usr/local/lib/node_modules/express/node_modules/___mkdirp.npm/package/test/chmod.js
silly asyncMap in gTP /usr/local/lib/node_modules/express/node_modules/___mkdirp.npm/package/test/clobber.js
silly asyncMap in gTP /usr/local/lib/node_modules/express/node_modules/___mkdirp.npm/package/test/mkdirp.js
silly asyncMap in gTP /usr/local/lib/node_modules/express/node_modules/___mkdirp.npm/package/test/perm.js
silly asyncMap in gTP /usr/local/lib/node_modules/express/node_modules/___mkdirp.npm/package/test/perm_sync.js
silly asyncMap in gTP /usr/local/lib/node_modules/express/node_modules/___mkdirp.npm/package/test/race.js
silly asyncMap in gTP /usr/local/lib/node_modules/express/node_modules/___mkdirp.npm/package/test/rel.js
silly asyncMap in gTP /usr/local/lib/node_modules/express/node_modules/___mkdirp.npm/package/test/sync.js
silly asyncMap in gTP /usr/local/lib/node_modules/express/node_modules/___mkdirp.npm/package/test/umask.js
silly asyncMap in gTP /usr/local/lib/node_modules/express/node_modules/___mkdirp.npm/package/test/umask_sync.js
silly asyncMap in gTP /usr/local/lib/node_modules/express/node_modules/___qs.npm/package
silly asyncMap in gTP /usr/local/lib/node_modules/express/node_modules/___qs.npm/package/.gitignore
silly asyncMap in gTP /usr/local/lib/node_modules/express/node_modules/___qs.npm/package/.gitmodules
silly asyncMap in gTP /usr/local/lib/node_modules/express/node_modules/___qs.npm/package/.travis.yml
silly asyncMap in gTP /usr/local/lib/node_modules/express/node_modules/___qs.npm/package/benchmark.js
silly asyncMap in gTP /usr/local/lib/node_modules/express/node_modules/___qs.npm/package/examples.js
silly asyncMap in gTP /usr/local/lib/node_modules/express/node_modules/___qs.npm/package/History.md
silly asyncMap in gTP /usr/local/lib/node_modules/express/node_modules/___qs.npm/package/index.js
silly asyncMap in gTP /usr/local/lib/node_modules/express/node_modules/___qs.npm/package/Makefile
silly asyncMap in gTP /usr/local/lib/node_modules/express/node_modules/___qs.npm/package/package.json
silly asyncMap in gTP /usr/local/lib/node_modules/express/node_modules/___qs.npm/package/Readme.md
silly asyncMap in gTP /usr/local/lib/node_modules/express/node_modules/___qs.npm/package/lib
silly asyncMap in gTP /usr/local/lib/node_modules/express/node_modules/___qs.npm/package/lib/querystring.js
silly asyncMap in gTP /usr/local/lib/node_modules/express/node_modules/___qs.npm/package/test
silly asyncMap in gTP /usr/local/lib/node_modules/express/node_modules/___qs.npm/package/test/mocha.opts
silly asyncMap in gTP /usr/local/lib/node_modules/express/node_modules/___qs.npm/package/test/parse.js
silly asyncMap in gTP /usr/local/lib/node_modules/express/node_modules/___qs.npm/package/test/stringify.js
silly tar err x package/lib/public/error.html
silly tar err x package/lib/public/favicon.ico
silly tar err x package/lib/public/style.css
silly tar err x package/lib/public/icons/page.png
silly tar err x package/lib/public/icons/page_add.png
silly tar err x package/lib/public/icons/page_attach.png
silly tar err x package/lib/public/icons/page_code.png
silly tar err x package/lib/public/icons/page_copy.png
silly tar err x package/lib/public/icons/page_delete.png
silly tar err x package/lib/public/icons/page_edit.png
silly tar err x package/lib/public/icons/page_error.png
silly tar err x package/lib/public/icons/page_excel.png
silly tar err x package/lib/public/icons/page_find.png
silly tar err x package/lib/public/icons/page_gear.png
silly tar err x package/lib/public/icons/page_go.png
silly tar err x package/lib/public/icons/page_green.png
silly tar err x package/lib/public/icons/page_key.png
silly tar err x package/lib/public/icons/page_lightning.png
silly tar err x package/lib/public/icons/page_link.png
silly tar err x package/lib/public/icons/page_paintbrush.png
silly tar err x package/lib/public/icons/page_paste.png
silly tar err x package/lib/public/icons/page_red.png
silly tar err x package/lib/public/icons/page_refresh.png
silly tar err x package/lib/public/icons/page_save.png
silly tar err x package/lib/public/icons/page_white.png
silly tar err x package/lib/public/icons/page_white_acrobat.png
silly tar err x package/lib/public/icons/page_white_actionscript.png
silly tar err x package/lib/public/icons/page_white_add.png
silly tar err x package/lib/public/icons/page_white_c.png
silly tar err x package/lib/public/icons/page_white_camera.png
silly tar err x package/lib/public/icons/page_white_cd.png
silly tar err x package/lib/public/icons/page_white_code.png
silly tar err x package/lib/public/icons/page_white_code_red.png
silly tar err x package/lib/public/icons/page_white_coldfusion.png
silly tar err x package/lib/public/icons/page_white_compressed.png
silly tar err x package/lib/public/icons/page_white_copy.png
silly tar err x package/lib/public/icons/page_white_cplusplus.png
silly tar err x package/lib/public/icons/page_white_csharp.png
silly tar err x package/lib/public/icons/page_white_cup.png
silly tar err x package/lib/public/icons/page_white_database.png
silly tar err x package/lib/public/icons/page_white_delete.png
silly tar err x package/lib/public/icons/page_white_dvd.png
silly tar err x package/lib/public/icons/page_white_edit.png
silly tar err x package/lib/public/icons/page_white_error.png
silly tar err x package/lib/public/icons/page_white_excel.png
silly tar err x package/lib/public/icons/page_white_find.png
silly tar err x package/lib/public/icons/page_white_flash.png
silly tar err x package/lib/public/icons/page_white_freehand.png
silly tar err x package/lib/public/icons/page_white_gear.png
silly tar err x package/lib/public/icons/page_white_get.png
silly tar err x package/lib/public/icons/page_white_go.png
silly tar err x package/lib/public/icons/page_white_h.png
silly tar err x package/lib/public/icons/page_white_horizontal.png
silly tar err x package/lib/public/icons/page_white_key.png
silly tar err x package/lib/public/icons/page_white_lightning.png
silly tar err x package/lib/public/icons/page_white_link.png
silly tar err x package/lib/public/icons/page_white_magnify.png
silly tar err x package/lib/public/icons/page_white_medal.png
silly tar err x package/lib/public/icons/page_white_office.png
silly tar err x package/lib/public/icons/page_white_paint.png
silly tar err x package/lib/public/icons/page_white_paintbrush.png
silly tar err x package/lib/public/icons/page_white_paste.png
silly tar err x package/lib/public/icons/page_white_php.png
silly tar err x package/lib/public/icons/page_white_picture.png
silly tar err x package/lib/public/icons/page_white_powerpoint.png
silly tar err x package/lib/public/icons/page_white_put.png
silly tar err x package/lib/public/icons/page_white_ruby.png
silly tar err x package/lib/public/icons/page_white_stack.png
silly tar err x package/lib/public/icons/page_white_star.png
silly tar err x package/lib/public/icons/page_white_swoosh.png
silly tar err x package/lib/public/icons/page_white_text.png
silly tar err x package/lib/public/icons/page_white_text_width.png
silly tar err x package/lib/public/icons/page_white_tux.png
silly tar err x package/lib/public/icons/page_white_vector.png
silly tar err x package/lib/public/icons/page_white_visualstudio.png
silly tar err x package/lib/public/icons/page_white_width.png
silly tar err x package/lib/public/icons/page_white_word.png
silly tar err x package/lib/public/icons/page_white_world.png
silly tar err x package/lib/public/icons/page_white_wrench.png
silly tar err x package/lib/public/icons/page_white_zip.png
silly tar err x package/lib/public/icons/page_word.png
silly tar err x package/lib/public/icons/page_world.png
silly tar exit 0
silly asyncMap in gTP /usr/local/lib/node_modules/express/node_modules/___mime.npm/package
silly asyncMap in gTP /usr/local/lib/node_modules/express/node_modules/___mime.npm/package/LICENSE
silly asyncMap in gTP /usr/local/lib/node_modules/express/node_modules/___mime.npm/package/mime.js
silly asyncMap in gTP /usr/local/lib/node_modules/express/node_modules/___mime.npm/package/package.json
silly asyncMap in gTP /usr/local/lib/node_modules/express/node_modules/___mime.npm/package/README.md
silly asyncMap in gTP /usr/local/lib/node_modules/express/node_modules/___mime.npm/package/test.js
silly asyncMap in gTP /usr/local/lib/node_modules/express/node_modules/___mime.npm/package/types
silly asyncMap in gTP /usr/local/lib/node_modules/express/node_modules/___mime.npm/package/types/mime.types
silly asyncMap in gTP /usr/local/lib/node_modules/express/node_modules/___mime.npm/package/types/node.types
verbose gunzed /usr/local/lib/node_modules/express/node_modules/___mkdirp.npm/package
verbose gunzed /usr/local/lib/node_modules/express/node_modules/___qs.npm/package
verbose rm'ed /usr/local/lib/node_modules/express/node_modules/mkdirp
verbose rm'ed /usr/local/lib/node_modules/express/node_modules/qs
verbose renamed [ '/usr/local/lib/node_modules/express/node_modules/___mkdirp.npm/package',
verbose renamed   '/usr/local/lib/node_modules/express/node_modules/mkdirp' ]
verbose renamed [ '/usr/local/lib/node_modules/express/node_modules/___qs.npm/package',
verbose renamed   '/usr/local/lib/node_modules/express/node_modules/qs' ]
verbose gunzed /usr/local/lib/node_modules/express/node_modules/___mime.npm/package
verbose rm'ed /usr/local/lib/node_modules/express/node_modules/mime
verbose renamed [ '/usr/local/lib/node_modules/express/node_modules/___mime.npm/package',
verbose renamed   '/usr/local/lib/node_modules/express/node_modules/mime' ]
silly testEngine { name: 'mkdirp',
silly testEngine   description: 'Recursively mkdir, like `mkdir -p`',
silly testEngine   version: '0.3.0',
silly testEngine   author: 
silly testEngine    { name: 'James Halliday',
silly testEngine      email: 'mail@substack.net',
silly testEngine      url: 'http://substack.net' },
silly testEngine   main: './index',
silly testEngine   keywords: [ 'mkdir', 'directory' ],
silly testEngine   repository: 
silly testEngine    { type: 'git',
silly testEngine      url: 'git://github.com/substack/node-mkdirp.git' },
silly testEngine   scripts: { test: 'tap test/*.js' },
silly testEngine   devDependencies: { tap: '0.0.x' },
silly testEngine   license: 'MIT/X11',
silly testEngine   engines: { node: '*' },
silly testEngine   _id: 'mkdirp@0.3.0',
silly testEngine   dependencies: {},
silly testEngine   _engineSupported: true,
silly testEngine   _npmVersion: '1.0.106',
silly testEngine   _nodeVersion: 'v0.6.6',
silly testEngine   _defaultsLoaded: true }
verbose caching /usr/local/lib/node_modules/express/node_modules/mkdirp/package.json
verbose loadDefaults mkdirp@0.3.0
silly testEngine { name: 'qs',
silly testEngine   description: 'querystring parser',
silly testEngine   version: '0.4.2',
silly testEngine   repository: 
silly testEngine    { type: 'git',
silly testEngine      url: 'git://github.com/visionmedia/node-querystring.git' },
silly testEngine   devDependencies: { mocha: '*', should: '*' },
silly testEngine   author: 
silly testEngine    { name: 'TJ Holowaychuk',
silly testEngine      email: 'tj@vision-media.ca',
silly testEngine      url: 'http://tjholowaychuk.com' },
silly testEngine   main: 'index',
silly testEngine   engines: { node: '*' },
silly testEngine   _id: 'qs@0.4.2',
silly testEngine   dependencies: {},
silly testEngine   _engineSupported: true,
silly testEngine   _npmVersion: '1.0.106',
silly testEngine   _nodeVersion: 'v0.6.6',
silly testEngine   _defaultsLoaded: true,
silly testEngine   scripts: {} }
verbose caching /usr/local/lib/node_modules/express/node_modules/qs/package.json
verbose loadDefaults qs@0.4.2
info preinstall mkdirp@0.3.0
silly testEngine { author: 
silly testEngine    { name: 'Robert Kieffer',
silly testEngine      email: 'robert@broofa.com',
silly testEngine      url: 'http://github.com/broofa' },
silly testEngine   contributors: 
silly testEngine    [ { name: 'Benjamin Thomas',
silly testEngine        email: 'benjamin@benjaminthomas.org',
silly testEngine        url: 'http://github.com/bentomas' } ],
silly testEngine   dependencies: {},
silly testEngine   description: 'A comprehensive library for mime-type mapping',
silly testEngine   devDependencies: { async_testing: '' },
silly testEngine   keywords: [ 'util', 'mime' ],
silly testEngine   main: 'mime.js',
silly testEngine   name: 'mime',
silly testEngine   repository: { url: 'git://github.com/bentomas/node-mime.git', type: 'git' },
silly testEngine   version: '1.2.4',
silly testEngine   _id: 'mime@1.2.4',
silly testEngine   engines: { node: '*' },
silly testEngine   _engineSupported: true,
silly testEngine   _npmVersion: '1.0.106',
silly testEngine   _nodeVersion: 'v0.6.6',
silly testEngine   _defaultsLoaded: true,
silly testEngine   scripts: {} }
verbose caching /usr/local/lib/node_modules/express/node_modules/mime/package.json
verbose loadDefaults mime@1.2.4
info preinstall qs@0.4.2
verbose from cache /usr/local/lib/node_modules/express/node_modules/mkdirp/package.json
verbose into /usr/local/lib/node_modules/express/node_modules/mkdirp []
silly resolved []
verbose about to build /usr/local/lib/node_modules/express/node_modules/mkdirp
info build /usr/local/lib/node_modules/express/node_modules/mkdirp
verbose from cache /usr/local/lib/node_modules/express/node_modules/mkdirp/package.json
verbose linkStuff [ true,
verbose linkStuff   '/usr/local/lib/node_modules',
verbose linkStuff   false,
verbose linkStuff   '/usr/local/lib/node_modules/express/node_modules' ]
info linkStuff mkdirp@0.3.0
verbose linkBins mkdirp@0.3.0
verbose linkMans mkdirp@0.3.0
verbose rebuildBundles mkdirp@0.3.0
verbose from cache /usr/local/lib/node_modules/express/node_modules/qs/package.json
verbose into /usr/local/lib/node_modules/express/node_modules/qs []
silly resolved []
verbose about to build /usr/local/lib/node_modules/express/node_modules/qs
info build /usr/local/lib/node_modules/express/node_modules/qs
verbose from cache /usr/local/lib/node_modules/express/node_modules/qs/package.json
verbose linkStuff [ true,
verbose linkStuff   '/usr/local/lib/node_modules',
verbose linkStuff   false,
verbose linkStuff   '/usr/local/lib/node_modules/express/node_modules' ]
info linkStuff qs@0.4.2
verbose linkBins qs@0.4.2
verbose linkMans qs@0.4.2
verbose rebuildBundles qs@0.4.2
info install mkdirp@0.3.0
info preinstall mime@1.2.4
info install qs@0.4.2
silly asyncMap in gTP /usr/local/lib/node_modules/express/node_modules/___connect.npm/package
silly asyncMap in gTP /usr/local/lib/node_modules/express/node_modules/___connect.npm/package/.npmignore
silly asyncMap in gTP /usr/local/lib/node_modules/express/node_modules/___connect.npm/package/index.js
silly asyncMap in gTP /usr/local/lib/node_modules/express/node_modules/___connect.npm/package/LICENSE
silly asyncMap in gTP /usr/local/lib/node_modules/express/node_modules/___connect.npm/package/package.json
silly asyncMap in gTP /usr/local/lib/node_modules/express/node_modules/___connect.npm/package/test.js
silly asyncMap in gTP /usr/local/lib/node_modules/express/node_modules/___connect.npm/package/lib
silly asyncMap in gTP /usr/local/lib/node_modules/express/node_modules/___connect.npm/package/lib/cache.js
silly asyncMap in gTP /usr/local/lib/node_modules/express/node_modules/___connect.npm/package/lib/connect.js
silly asyncMap in gTP /usr/local/lib/node_modules/express/node_modules/___connect.npm/package/lib/http.js
silly asyncMap in gTP /usr/local/lib/node_modules/express/node_modules/___connect.npm/package/lib/https.js
silly asyncMap in gTP /usr/local/lib/node_modules/express/node_modules/___connect.npm/package/lib/index.js
silly asyncMap in gTP /usr/local/lib/node_modules/express/node_modules/___connect.npm/package/lib/patch.js
silly asyncMap in gTP /usr/local/lib/node_modules/express/node_modules/___connect.npm/package/lib/utils.js
silly asyncMap in gTP /usr/local/lib/node_modules/express/node_modules/___connect.npm/package/lib/middleware
silly asyncMap in gTP /usr/local/lib/node_modules/express/node_modules/___connect.npm/package/lib/middleware/basicAuth.js
silly asyncMap in gTP /usr/local/lib/node_modules/express/node_modules/___connect.npm/package/lib/middleware/bodyParser.js
silly asyncMap in gTP /usr/local/lib/node_modules/express/node_modules/___connect.npm/package/lib/middleware/compiler.js
silly asyncMap in gTP /usr/local/lib/node_modules/express/node_modules/___connect.npm/package/lib/middleware/cookieParser.js
silly asyncMap in gTP /usr/local/lib/node_modules/express/node_modules/___connect.npm/package/lib/middleware/csrf.js
silly asyncMap in gTP /usr/local/lib/node_modules/express/node_modules/___connect.npm/package/lib/middleware/directory.js
silly asyncMap in gTP /usr/local/lib/node_modules/express/node_modules/___connect.npm/package/lib/middleware/errorHandler.js
silly asyncMap in gTP /usr/local/lib/node_modules/express/node_modules/___connect.npm/package/lib/middleware/favicon.js
silly asyncMap in gTP /usr/local/lib/node_modules/express/node_modules/___connect.npm/package/lib/middleware/limit.js
silly asyncMap in gTP /usr/local/lib/node_modules/express/node_modules/___connect.npm/package/lib/middleware/logger.js
silly asyncMap in gTP /usr/local/lib/node_modules/express/node_modules/___connect.npm/package/lib/middleware/methodOverride.js
silly asyncMap in gTP /usr/local/lib/node_modules/express/node_modules/___connect.npm/package/lib/middleware/profiler.js
silly asyncMap in gTP /usr/local/lib/node_modules/express/node_modules/___connect.npm/package/lib/middleware/query.js
silly asyncMap in gTP /usr/local/lib/node_modules/express/node_modules/___connect.npm/package/lib/middleware/responseTime.js
silly asyncMap in gTP /usr/local/lib/node_modules/express/node_modules/___connect.npm/package/lib/middleware/router.js
silly asyncMap in gTP /usr/local/lib/node_modules/express/node_modules/___connect.npm/package/lib/middleware/session.js
silly asyncMap in gTP /usr/local/lib/node_modules/express/node_modules/___connect.npm/package/lib/middleware/static.js
silly asyncMap in gTP /usr/local/lib/node_modules/express/node_modules/___connect.npm/package/lib/middleware/staticCache.js
silly asyncMap in gTP /usr/local/lib/node_modules/express/node_modules/___connect.npm/package/lib/middleware/vhost.js
silly asyncMap in gTP /usr/local/lib/node_modules/express/node_modules/___connect.npm/package/lib/middleware/session
silly asyncMap in gTP /usr/local/lib/node_modules/express/node_modules/___connect.npm/package/lib/middleware/session/cookie.js
silly asyncMap in gTP /usr/local/lib/node_modules/express/node_modules/___connect.npm/package/lib/middleware/session/memory.js
silly asyncMap in gTP /usr/local/lib/node_modules/express/node_modules/___connect.npm/package/lib/middleware/session/session.js
silly asyncMap in gTP /usr/local/lib/node_modules/express/node_modules/___connect.npm/package/lib/middleware/session/store.js
silly asyncMap in gTP /usr/local/lib/node_modules/express/node_modules/___connect.npm/package/lib/public
silly asyncMap in gTP /usr/local/lib/node_modules/express/node_modules/___connect.npm/package/lib/public/directory.html
silly asyncMap in gTP /usr/local/lib/node_modules/express/node_modules/___connect.npm/package/lib/public/error.html
silly asyncMap in gTP /usr/local/lib/node_modules/express/node_modules/___connect.npm/package/lib/public/favicon.ico
silly asyncMap in gTP /usr/local/lib/node_modules/express/node_modules/___connect.npm/package/lib/public/style.css
silly asyncMap in gTP /usr/local/lib/node_modules/express/node_modules/___connect.npm/package/lib/public/icons
silly asyncMap in gTP /usr/local/lib/node_modules/express/node_modules/___connect.npm/package/lib/public/icons/page.png
silly asyncMap in gTP /usr/local/lib/node_modules/express/node_modules/___connect.npm/package/lib/public/icons/page_add.png
silly asyncMap in gTP /usr/local/lib/node_modules/express/node_modules/___connect.npm/package/lib/public/icons/page_attach.png
silly asyncMap in gTP /usr/local/lib/node_modules/express/node_modules/___connect.npm/package/lib/public/icons/page_code.png
silly asyncMap in gTP /usr/local/lib/node_modules/express/node_modules/___connect.npm/package/lib/public/icons/page_copy.png
silly asyncMap in gTP /usr/local/lib/node_modules/express/node_modules/___connect.npm/package/lib/public/icons/page_delete.png
silly asyncMap in gTP /usr/local/lib/node_modules/express/node_modules/___connect.npm/package/lib/public/icons/page_edit.png
silly asyncMap in gTP /usr/local/lib/node_modules/express/node_modules/___connect.npm/package/lib/public/icons/page_error.png
silly asyncMap in gTP /usr/local/lib/node_modules/express/node_modules/___connect.npm/package/lib/public/icons/page_excel.png
silly asyncMap in gTP /usr/local/lib/node_modules/express/node_modules/___connect.npm/package/lib/public/icons/page_find.png
silly asyncMap in gTP /usr/local/lib/node_modules/express/node_modules/___connect.npm/package/lib/public/icons/page_gear.png
silly asyncMap in gTP /usr/local/lib/node_modules/express/node_modules/___connect.npm/package/lib/public/icons/page_go.png
silly asyncMap in gTP /usr/local/lib/node_modules/express/node_modules/___connect.npm/package/lib/public/icons/page_green.png
silly asyncMap in gTP /usr/local/lib/node_modules/express/node_modules/___connect.npm/package/lib/public/icons/page_key.png
silly asyncMap in gTP /usr/local/lib/node_modules/express/node_modules/___connect.npm/package/lib/public/icons/page_lightning.png
silly asyncMap in gTP /usr/local/lib/node_modules/express/node_modules/___connect.npm/package/lib/public/icons/page_link.png
silly asyncMap in gTP /usr/local/lib/node_modules/express/node_modules/___connect.npm/package/lib/public/icons/page_paintbrush.png
silly asyncMap in gTP /usr/local/lib/node_modules/express/node_modules/___connect.npm/package/lib/public/icons/page_paste.png
silly asyncMap in gTP /usr/local/lib/node_modules/express/node_modules/___connect.npm/package/lib/public/icons/page_red.png
silly asyncMap in gTP /usr/local/lib/node_modules/express/node_modules/___connect.npm/package/lib/public/icons/page_refresh.png
silly asyncMap in gTP /usr/local/lib/node_modules/express/node_modules/___connect.npm/package/lib/public/icons/page_save.png
silly asyncMap in gTP /usr/local/lib/node_modules/express/node_modules/___connect.npm/package/lib/public/icons/page_white.png
silly asyncMap in gTP /usr/local/lib/node_modules/express/node_modules/___connect.npm/package/lib/public/icons/page_white_acrobat.png
silly asyncMap in gTP /usr/local/lib/node_modules/express/node_modules/___connect.npm/package/lib/public/icons/page_white_actionscript.png
silly asyncMap in gTP /usr/local/lib/node_modules/express/node_modules/___connect.npm/package/lib/public/icons/page_white_add.png
silly asyncMap in gTP /usr/local/lib/node_modules/express/node_modules/___connect.npm/package/lib/public/icons/page_white_c.png
silly asyncMap in gTP /usr/local/lib/node_modules/express/node_modules/___connect.npm/package/lib/public/icons/page_white_camera.png
silly asyncMap in gTP /usr/local/lib/node_modules/express/node_modules/___connect.npm/package/lib/public/icons/page_white_cd.png
silly asyncMap in gTP /usr/local/lib/node_modules/express/node_modules/___connect.npm/package/lib/public/icons/page_white_code.png
silly asyncMap in gTP /usr/local/lib/node_modules/express/node_modules/___connect.npm/package/lib/public/icons/page_white_code_red.png
silly asyncMap in gTP /usr/local/lib/node_modules/express/node_modules/___connect.npm/package/lib/public/icons/page_white_coldfusion.png
silly asyncMap in gTP /usr/local/lib/node_modules/express/node_modules/___connect.npm/package/lib/public/icons/page_white_compressed.png
silly asyncMap in gTP /usr/local/lib/node_modules/express/node_modules/___connect.npm/package/lib/public/icons/page_white_copy.png
silly asyncMap in gTP /usr/local/lib/node_modules/express/node_modules/___connect.npm/package/lib/public/icons/page_white_cplusplus.png
silly asyncMap in gTP /usr/local/lib/node_modules/express/node_modules/___connect.npm/package/lib/public/icons/page_white_csharp.png
silly asyncMap in gTP /usr/local/lib/node_modules/express/node_modules/___connect.npm/package/lib/public/icons/page_white_cup.png
silly asyncMap in gTP /usr/local/lib/node_modules/express/node_modules/___connect.npm/package/lib/public/icons/page_white_database.png
silly asyncMap in gTP /usr/local/lib/node_modules/express/node_modules/___connect.npm/package/lib/public/icons/page_white_delete.png
silly asyncMap in gTP /usr/local/lib/node_modules/express/node_modules/___connect.npm/package/lib/public/icons/page_white_dvd.png
silly asyncMap in gTP /usr/local/lib/node_modules/express/node_modules/___connect.npm/package/lib/public/icons/page_white_edit.png
silly asyncMap in gTP /usr/local/lib/node_modules/express/node_modules/___connect.npm/package/lib/public/icons/page_white_error.png
silly asyncMap in gTP /usr/local/lib/node_modules/express/node_modules/___connect.npm/package/lib/public/icons/page_white_excel.png
silly asyncMap in gTP /usr/local/lib/node_modules/express/node_modules/___connect.npm/package/lib/public/icons/page_white_find.png
silly asyncMap in gTP /usr/local/lib/node_modules/express/node_modules/___connect.npm/package/lib/public/icons/page_white_flash.png
silly asyncMap in gTP /usr/local/lib/node_modules/express/node_modules/___connect.npm/package/lib/public/icons/page_white_freehand.png
silly asyncMap in gTP /usr/local/lib/node_modules/express/node_modules/___connect.npm/package/lib/public/icons/page_white_gear.png
silly asyncMap in gTP /usr/local/lib/node_modules/express/node_modules/___connect.npm/package/lib/public/icons/page_white_get.png
silly asyncMap in gTP /usr/local/lib/node_modules/express/node_modules/___connect.npm/package/lib/public/icons/page_white_go.png
silly asyncMap in gTP /usr/local/lib/node_modules/express/node_modules/___connect.npm/package/lib/public/icons/page_white_h.png
silly asyncMap in gTP /usr/local/lib/node_modules/express/node_modules/___connect.npm/package/lib/public/icons/page_white_horizontal.png
silly asyncMap in gTP /usr/local/lib/node_modules/express/node_modules/___connect.npm/package/lib/public/icons/page_white_key.png
silly asyncMap in gTP /usr/local/lib/node_modules/express/node_modules/___connect.npm/package/lib/public/icons/page_white_lightning.png
silly asyncMap in gTP /usr/local/lib/node_modules/express/node_modules/___connect.npm/package/lib/public/icons/page_white_link.png
silly asyncMap in gTP /usr/local/lib/node_modules/express/node_modules/___connect.npm/package/lib/public/icons/page_white_magnify.png
silly asyncMap in gTP /usr/local/lib/node_modules/express/node_modules/___connect.npm/package/lib/public/icons/page_white_medal.png
silly asyncMap in gTP /usr/local/lib/node_modules/express/node_modules/___connect.npm/package/lib/public/icons/page_white_office.png
silly asyncMap in gTP /usr/local/lib/node_modules/express/node_modules/___connect.npm/package/lib/public/icons/page_white_paint.png
silly asyncMap in gTP /usr/local/lib/node_modules/express/node_modules/___connect.npm/package/lib/public/icons/page_white_paintbrush.png
silly asyncMap in gTP /usr/local/lib/node_modules/express/node_modules/___connect.npm/package/lib/public/icons/page_white_paste.png
silly asyncMap in gTP /usr/local/lib/node_modules/express/node_modules/___connect.npm/package/lib/public/icons/page_white_php.png
silly asyncMap in gTP /usr/local/lib/node_modules/express/node_modules/___connect.npm/package/lib/public/icons/page_white_picture.png
silly asyncMap in gTP /usr/local/lib/node_modules/express/node_modules/___connect.npm/package/lib/public/icons/page_white_powerpoint.png
silly asyncMap in gTP /usr/local/lib/node_modules/express/node_modules/___connect.npm/package/lib/public/icons/page_white_put.png
silly asyncMap in gTP /usr/local/lib/node_modules/express/node_modules/___connect.npm/package/lib/public/icons/page_white_ruby.png
silly asyncMap in gTP /usr/local/lib/node_modules/express/node_modules/___connect.npm/package/lib/public/icons/page_white_stack.png
silly asyncMap in gTP /usr/local/lib/node_modules/express/node_modules/___connect.npm/package/lib/public/icons/page_white_star.png
silly asyncMap in gTP /usr/local/lib/node_modules/express/node_modules/___connect.npm/package/lib/public/icons/page_white_swoosh.png
silly asyncMap in gTP /usr/local/lib/node_modules/express/node_modules/___connect.npm/package/lib/public/icons/page_white_text.png
silly asyncMap in gTP /usr/local/lib/node_modules/express/node_modules/___connect.npm/package/lib/public/icons/page_white_text_width.png
silly asyncMap in gTP /usr/local/lib/node_modules/express/node_modules/___connect.npm/package/lib/public/icons/page_white_tux.png
silly asyncMap in gTP /usr/local/lib/node_modules/express/node_modules/___connect.npm/package/lib/public/icons/page_white_vector.png
silly asyncMap in gTP /usr/local/lib/node_modules/express/node_modules/___connect.npm/package/lib/public/icons/page_white_visualstudio.png
silly asyncMap in gTP /usr/local/lib/node_modules/express/node_modules/___connect.npm/package/lib/public/icons/page_white_width.png
silly asyncMap in gTP /usr/local/lib/node_modules/express/node_modules/___connect.npm/package/lib/public/icons/page_white_word.png
silly asyncMap in gTP /usr/local/lib/node_modules/express/node_modules/___connect.npm/package/lib/public/icons/page_white_world.png
silly asyncMap in gTP /usr/local/lib/node_modules/express/node_modules/___connect.npm/package/lib/public/icons/page_white_wrench.png
silly asyncMap in gTP /usr/local/lib/node_modules/express/node_modules/___connect.npm/package/lib/public/icons/page_white_zip.png
silly asyncMap in gTP /usr/local/lib/node_modules/express/node_modules/___connect.npm/package/lib/public/icons/page_word.png
silly asyncMap in gTP /usr/local/lib/node_modules/express/node_modules/___connect.npm/package/lib/public/icons/page_world.png
info postinstall mkdirp@0.3.0
verbose from cache /usr/local/lib/node_modules/express/node_modules/mime/package.json
verbose into /usr/local/lib/node_modules/express/node_modules/mime []
silly resolved []
verbose about to build /usr/local/lib/node_modules/express/node_modules/mime
info build /usr/local/lib/node_modules/express/node_modules/mime
verbose from cache /usr/local/lib/node_modules/express/node_modules/mime/package.json
verbose linkStuff [ true,
verbose linkStuff   '/usr/local/lib/node_modules',
verbose linkStuff   false,
verbose linkStuff   '/usr/local/lib/node_modules/express/node_modules' ]
info linkStuff mime@1.2.4
verbose linkBins mime@1.2.4
verbose linkMans mime@1.2.4
verbose rebuildBundles mime@1.2.4
info postinstall qs@0.4.2
info install mime@1.2.4
verbose installOne cb mkdirp@0.3.0
verbose installOne cb qs@0.4.2
verbose gunzed /usr/local/lib/node_modules/express/node_modules/___connect.npm/package
info postinstall mime@1.2.4
verbose rm'ed /usr/local/lib/node_modules/express/node_modules/connect
verbose renamed [ '/usr/local/lib/node_modules/express/node_modules/___connect.npm/package',
verbose renamed   '/usr/local/lib/node_modules/express/node_modules/connect' ]
verbose installOne cb mime@1.2.4
silly testEngine { name: 'connect',
silly testEngine   version: '1.8.5',
silly testEngine   description: 'High performance middleware framework',
silly testEngine   keywords: [ 'framework', 'web', 'middleware', 'connect', 'rack' ],
silly testEngine   repository: { type: 'git', url: 'git://github.com/senchalabs/connect.git' },
silly testEngine   author: 
silly testEngine    { name: 'TJ Holowaychuk',
silly testEngine      email: 'tj@vision-media.ca',
silly testEngine      url: 'http://tjholowaychuk.com' },
silly testEngine   dependencies: { qs: '>= 0.4.0', mime: '>= 0.0.1', formidable: '1.0.x' },
silly testEngine   devDependencies: 
silly testEngine    { expresso: '0.9.2',
silly testEngine      koala: '0.1.2',
silly testEngine      less: '1.1.1',
silly testEngine      sass: '0.5.0',
silly testEngine      markdown: '0.2.1',
silly testEngine      ejs: '0.4.3',
silly testEngine      should: '0.3.2' },
silly testEngine   main: 'index',
silly testEngine   engines: { node: '>= 0.4.1 < 0.7.0' },
silly testEngine   _id: 'connect@1.8.5',
silly testEngine   _engineSupported: true,
silly testEngine   _npmVersion: '1.0.106',
silly testEngine   _nodeVersion: 'v0.6.6',
silly testEngine   _defaultsLoaded: true,
silly testEngine   scripts: {} }
verbose caching /usr/local/lib/node_modules/express/node_modules/connect/package.json
verbose loadDefaults connect@1.8.5
info preinstall connect@1.8.5
verbose from cache /usr/local/lib/node_modules/express/node_modules/connect/package.json
verbose into /usr/local/lib/node_modules/express/node_modules/connect [ 'formidable@1.0.x' ]
verbose cache add formidable@1.0.x
verbose cache add [ 'formidable@1.0.x', null ]
silly cache add: name, spec, args [ undefined, 'formidable@1.0.x', [ 'formidable@1.0.x', null ] ]
verbose parsed url { pathname: 'formidable@1.0.x',
verbose parsed url   path: 'formidable@1.0.x',
verbose parsed url   href: 'formidable@1.0.x' }
silly cache add: name, spec, args [ 'formidable', '1.0.x', [ 'formidable', '1.0.x' ] ]
verbose parsed url { pathname: '1.0.x', path: '1.0.x', href: '1.0.x' }
info addNamed [ 'formidable', '1.0.x' ]
verbose addNamed [ null, '>=1.0.0- <1.1.0-' ]
verbose GET formidable
verbose raw, before any munging formidable
verbose url resolving [ 'https://registry.npmjs.org/', './formidable' ]
verbose url resolved https://registry.npmjs.org/formidable
verbose etag "1872XKQ0WN1WLUKIRJ20DTY1"
silly get cb [ 304,
silly get cb   { server: 'CouchDB/1.1.0 (Erlang OTP/R14B04)',
silly get cb     etag: '"1872XKQ0WN1WLUKIRJ20DTY1"',
silly get cb     date: 'Wed, 08 Feb 2012 23:00:36 GMT',
silly get cb     'content-length': '0' } ]
verbose etag formidable from cache
verbose GET formidable/1.0.8
verbose raw, before any munging formidable/1.0.8
verbose url resolving [ 'https://registry.npmjs.org/', './formidable/1.0.8' ]
verbose url resolved https://registry.npmjs.org/formidable/1.0.8
verbose etag "1872XKQ0WN1WLUKIRJ20DTY1"
silly get cb [ 304,
silly get cb   { server: 'CouchDB/1.1.0 (Erlang OTP/R14B04)',
silly get cb     etag: '"1872XKQ0WN1WLUKIRJ20DTY1"',
silly get cb     date: 'Wed, 08 Feb 2012 23:00:37 GMT',
silly get cb     'content-length': '0' } ]
verbose etag formidable/1.0.8 from cache
verbose bin dist [ '0.6-ares1.7.5-DEV-evundefined-openssl0.9.8r-v83.6.6.14-darwin-x64-10.7.0',
verbose bin dist   { shasum: 'ac119ceaf039a288d57649aeec38f03b6269bbce',
verbose bin dist     tarball: 'http://registry.npmjs.org/formidable/-/formidable-1.0.8.tgz' } ]
silly testEngine { name: 'formidable',
silly testEngine   version: '1.0.8',
silly testEngine   dependencies: {},
silly testEngine   devDependencies: 
silly testEngine    { gently: '0.8.0',
silly testEngine      findit: '0.1.1',
silly testEngine      hashish: '0.0.4',
silly testEngine      urun: '0.0.4',
silly testEngine      utest: '0.0.3' },
silly testEngine   directories: { lib: './lib' },
silly testEngine   main: './lib/index',
silly testEngine   scripts: { test: 'make test' },
silly testEngine   engines: { node: '*' },
silly testEngine   _id: 'formidable@1.0.8',
silly testEngine   _engineSupported: true,
silly testEngine   _npmVersion: '1.0.106',
silly testEngine   _nodeVersion: 'v0.6.6',
silly testEngine   _defaultsLoaded: true }
verbose caching /Users/elenagragasin/.npm/formidable/1.0.8/package/package.json
verbose loadDefaults formidable@1.0.8
silly resolved [ { name: 'formidable',
silly resolved     version: '1.0.8',
silly resolved     dependencies: {},
silly resolved     devDependencies: 
silly resolved      { gently: '0.8.0',
silly resolved        findit: '0.1.1',
silly resolved        hashish: '0.0.4',
silly resolved        urun: '0.0.4',
silly resolved        utest: '0.0.3' },
silly resolved     directories: { lib: './lib' },
silly resolved     main: './lib/index',
silly resolved     scripts: { test: 'make test' },
silly resolved     engines: { node: '*' },
silly resolved     _id: 'formidable@1.0.8',
silly resolved     _engineSupported: true,
silly resolved     _npmVersion: '1.0.106',
silly resolved     _nodeVersion: 'v0.6.6',
silly resolved     _defaultsLoaded: true } ]
info into /usr/local/lib/node_modules/express/node_modules/connect formidable@1.0.8
info installOne formidable@1.0.8
info unbuild /usr/local/lib/node_modules/express/node_modules/connect/node_modules/formidable
verbose from cache /Users/elenagragasin/.npm/formidable/1.0.8/package/package.json
verbose mkdir (expected) error ENOENT, no such file or directory '/usr/local/lib/node_modules/express/node_modules/connect/node_modules'
verbose mkdir (expected) error ENOENT, no such file or directory '/usr/local/lib/node_modules/express/node_modules/connect/node_modules/___formidable.npm'
verbose mkdir done: /usr/local/lib/node_modules/express/node_modules/connect/node_modules/___formidable.npm 755
verbose unpack_ uid, gid [ undefined, undefined ]
verbose unpackTarget /usr/local/lib/node_modules/express/node_modules/connect/node_modules/formidable
silly gunzTarPerm modes [ '755', '644' ]
silly spawning [ 'tar',
silly spawning   [ '-zmvxpf',
silly spawning     '/Users/elenagragasin/.npm/formidable/1.0.8/package.tgz' ],
silly spawning   '/usr/local/lib/node_modules/express/node_modules/connect/node_modules/___formidable.npm' ]
silly tar err x package/..travis.yml.un~
silly tar err x package/.gitignore
silly tar err x package/.npmignore
silly tar err x package/.package.json.un~
silly tar err x package/.Readme.md.un~
silly tar err x package/.travis.yml
silly tar err x package/index.js
silly tar err x package/Makefile
silly tar err x package/package.json
silly tar err x package/Readme.md
silly tar err x package/TODO
silly tar err x package/benchmark/bench-multipart-parser.js
silly tar err x package/example/post.js
silly tar err x package/example/upload.js
silly tar err x package/lib/.incoming_form.js.un~
silly tar err x package/lib/file.js
silly tar err x package/lib/incoming_form.js
silly tar err x package/lib/index.js
silly tar err x package/lib/multipart_parser.js
silly tar err x package/lib/querystring_parser.js
silly tar err x package/lib/util.js
silly tar err x package/tool/record.js
silly tar err x package/test/.common.js.un~
silly tar err x package/test/.run.js.un~
silly tar err x package/test/common.js
silly tar err x package/test/run.js
silly tar err x package/test/integration/.test-fixtures.js.un~
silly tar err x package/test/integration/test-fixtures.js
silly tar err x package/test/tmp/.empty
silly tar err x package/test/unit/.test-incoming-form.js.un~
silly tar err x package/test/unit/test-incoming-form.js
silly tar err x package/test/legacy/common.js
silly tar err x package/test/legacy/integration/test-multipart-parser.js
silly tar err x package/test/legacy/simple/test-file.js
silly tar err x package/test/legacy/simple/test-incoming-form.js
silly tar err x package/test/legacy/simple/test-multipart-parser.js
silly tar err x package/test/legacy/simple/test-querystring-parser.js
silly tar err x package/test/legacy/system/test-multi-video-upload.js
silly tar err x package/test/fixture/multi_video.upload
silly tar err x package/test/fixture/multipart.js
silly tar err x package/test/fixture/file/funkyfilename.txt
silly tar err x package/test/fixture/file/plain.txt
silly tar err x package/test/fixture/js/.special-chars-in-filename.js.un~
silly tar err x package/test/fixture/js/no-filename.js
silly tar err x package/test/fixture/js/special-chars-in-filename.js
silly tar err x package/test/fixture/http/no-filename/generic.http
silly tar err x package/test/fixture/http/special-chars-in-filename/info.md
silly tar err x package/test/fixture/http/special-chars-in-filename/osx-chrome-13.http
silly tar err x package/test/fixture/http/special-chars-in-filename/osx-firefox-3.6.http
silly tar err x package/test/fixture/http/special-chars-in-filename/osx-safari-5.http
silly tar err x package/test/fixture/http/special-chars-in-filename/xp-chrome-12.http
silly tar err x package/test/fixture/http/special-chars-in-filename/xp-ie-7.http
silly tar err x package/test/fixture/http/special-chars-in-filename/xp-ie-8.http
silly tar err x package/test/fixture/http/special-chars-in-filename/xp-safari-5.http
silly tar exit 0
silly asyncMap in gTP /usr/local/lib/node_modules/express/node_modules/connect/node_modules/___formidable.npm/package
silly asyncMap in gTP /usr/local/lib/node_modules/express/node_modules/connect/node_modules/___formidable.npm/package/..travis.yml.un~
silly asyncMap in gTP /usr/local/lib/node_modules/express/node_modules/connect/node_modules/___formidable.npm/package/.gitignore
silly asyncMap in gTP /usr/local/lib/node_modules/express/node_modules/connect/node_modules/___formidable.npm/package/.npmignore
silly asyncMap in gTP /usr/local/lib/node_modules/express/node_modules/connect/node_modules/___formidable.npm/package/.package.json.un~
silly asyncMap in gTP /usr/local/lib/node_modules/express/node_modules/connect/node_modules/___formidable.npm/package/.Readme.md.un~
silly asyncMap in gTP /usr/local/lib/node_modules/express/node_modules/connect/node_modules/___formidable.npm/package/.travis.yml
silly asyncMap in gTP /usr/local/lib/node_modules/express/node_modules/connect/node_modules/___formidable.npm/package/index.js
silly asyncMap in gTP /usr/local/lib/node_modules/express/node_modules/connect/node_modules/___formidable.npm/package/Makefile
silly asyncMap in gTP /usr/local/lib/node_modules/express/node_modules/connect/node_modules/___formidable.npm/package/package.json
silly asyncMap in gTP /usr/local/lib/node_modules/express/node_modules/connect/node_modules/___formidable.npm/package/Readme.md
silly asyncMap in gTP /usr/local/lib/node_modules/express/node_modules/connect/node_modules/___formidable.npm/package/TODO
silly asyncMap in gTP /usr/local/lib/node_modules/express/node_modules/connect/node_modules/___formidable.npm/package/benchmark
silly asyncMap in gTP /usr/local/lib/node_modules/express/node_modules/connect/node_modules/___formidable.npm/package/benchmark/bench-multipart-parser.js
silly asyncMap in gTP /usr/local/lib/node_modules/express/node_modules/connect/node_modules/___formidable.npm/package/example
silly asyncMap in gTP /usr/local/lib/node_modules/express/node_modules/connect/node_modules/___formidable.npm/package/example/post.js
silly asyncMap in gTP /usr/local/lib/node_modules/express/node_modules/connect/node_modules/___formidable.npm/package/example/upload.js
silly asyncMap in gTP /usr/local/lib/node_modules/express/node_modules/connect/node_modules/___formidable.npm/package/lib
silly asyncMap in gTP /usr/local/lib/node_modules/express/node_modules/connect/node_modules/___formidable.npm/package/lib/.incoming_form.js.un~
silly asyncMap in gTP /usr/local/lib/node_modules/express/node_modules/connect/node_modules/___formidable.npm/package/lib/file.js
silly asyncMap in gTP /usr/local/lib/node_modules/express/node_modules/connect/node_modules/___formidable.npm/package/lib/incoming_form.js
silly asyncMap in gTP /usr/local/lib/node_modules/express/node_modules/connect/node_modules/___formidable.npm/package/lib/index.js
silly asyncMap in gTP /usr/local/lib/node_modules/express/node_modules/connect/node_modules/___formidable.npm/package/lib/multipart_parser.js
silly asyncMap in gTP /usr/local/lib/node_modules/express/node_modules/connect/node_modules/___formidable.npm/package/lib/querystring_parser.js
silly asyncMap in gTP /usr/local/lib/node_modules/express/node_modules/connect/node_modules/___formidable.npm/package/lib/util.js
silly asyncMap in gTP /usr/local/lib/node_modules/express/node_modules/connect/node_modules/___formidable.npm/package/tool
silly asyncMap in gTP /usr/local/lib/node_modules/express/node_modules/connect/node_modules/___formidable.npm/package/tool/record.js
silly asyncMap in gTP /usr/local/lib/node_modules/express/node_modules/connect/node_modules/___formidable.npm/package/test
silly asyncMap in gTP /usr/local/lib/node_modules/express/node_modules/connect/node_modules/___formidable.npm/package/test/.common.js.un~
silly asyncMap in gTP /usr/local/lib/node_modules/express/node_modules/connect/node_modules/___formidable.npm/package/test/.run.js.un~
silly asyncMap in gTP /usr/local/lib/node_modules/express/node_modules/connect/node_modules/___formidable.npm/package/test/common.js
silly asyncMap in gTP /usr/local/lib/node_modules/express/node_modules/connect/node_modules/___formidable.npm/package/test/run.js
silly asyncMap in gTP /usr/local/lib/node_modules/express/node_modules/connect/node_modules/___formidable.npm/package/test/integration
silly asyncMap in gTP /usr/local/lib/node_modules/express/node_modules/connect/node_modules/___formidable.npm/package/test/integration/.test-fixtures.js.un~
silly asyncMap in gTP /usr/local/lib/node_modules/express/node_modules/connect/node_modules/___formidable.npm/package/test/integration/test-fixtures.js
silly asyncMap in gTP /usr/local/lib/node_modules/express/node_modules/connect/node_modules/___formidable.npm/package/test/tmp
silly asyncMap in gTP /usr/local/lib/node_modules/express/node_modules/connect/node_modules/___formidable.npm/package/test/tmp/.empty
silly asyncMap in gTP /usr/local/lib/node_modules/express/node_modules/connect/node_modules/___formidable.npm/package/test/unit
silly asyncMap in gTP /usr/local/lib/node_modules/express/node_modules/connect/node_modules/___formidable.npm/package/test/unit/.test-incoming-form.js.un~
silly asyncMap in gTP /usr/local/lib/node_modules/express/node_modules/connect/node_modules/___formidable.npm/package/test/unit/test-incoming-form.js
silly asyncMap in gTP /usr/local/lib/node_modules/express/node_modules/connect/node_modules/___formidable.npm/package/test/legacy
silly asyncMap in gTP /usr/local/lib/node_modules/express/node_modules/connect/node_modules/___formidable.npm/package/test/legacy/common.js
silly asyncMap in gTP /usr/local/lib/node_modules/express/node_modules/connect/node_modules/___formidable.npm/package/test/legacy/integration
silly asyncMap in gTP /usr/local/lib/node_modules/express/node_modules/connect/node_modules/___formidable.npm/package/test/legacy/integration/test-multipart-parser.js
silly asyncMap in gTP /usr/local/lib/node_modules/express/node_modules/connect/node_modules/___formidable.npm/package/test/legacy/simple
silly asyncMap in gTP /usr/local/lib/node_modules/express/node_modules/connect/node_modules/___formidable.npm/package/test/legacy/simple/test-file.js
silly asyncMap in gTP /usr/local/lib/node_modules/express/node_modules/connect/node_modules/___formidable.npm/package/test/legacy/simple/test-incoming-form.js
silly asyncMap in gTP /usr/local/lib/node_modules/express/node_modules/connect/node_modules/___formidable.npm/package/test/legacy/simple/test-multipart-parser.js
silly asyncMap in gTP /usr/local/lib/node_modules/express/node_modules/connect/node_modules/___formidable.npm/package/test/legacy/simple/test-querystring-parser.js
silly asyncMap in gTP /usr/local/lib/node_modules/express/node_modules/connect/node_modules/___formidable.npm/package/test/legacy/system
silly asyncMap in gTP /usr/local/lib/node_modules/express/node_modules/connect/node_modules/___formidable.npm/package/test/legacy/system/test-multi-video-upload.js
silly asyncMap in gTP /usr/local/lib/node_modules/express/node_modules/connect/node_modules/___formidable.npm/package/test/fixture
silly asyncMap in gTP /usr/local/lib/node_modules/express/node_modules/connect/node_modules/___formidable.npm/package/test/fixture/multi_video.upload
silly asyncMap in gTP /usr/local/lib/node_modules/express/node_modules/connect/node_modules/___formidable.npm/package/test/fixture/multipart.js
silly asyncMap in gTP /usr/local/lib/node_modules/express/node_modules/connect/node_modules/___formidable.npm/package/test/fixture/file
silly asyncMap in gTP /usr/local/lib/node_modules/express/node_modules/connect/node_modules/___formidable.npm/package/test/fixture/file/funkyfilename.txt
silly asyncMap in gTP /usr/local/lib/node_modules/express/node_modules/connect/node_modules/___formidable.npm/package/test/fixture/file/plain.txt
silly asyncMap in gTP /usr/local/lib/node_modules/express/node_modules/connect/node_modules/___formidable.npm/package/test/fixture/js
silly asyncMap in gTP /usr/local/lib/node_modules/express/node_modules/connect/node_modules/___formidable.npm/package/test/fixture/js/.special-chars-in-filename.js.un~
silly asyncMap in gTP /usr/local/lib/node_modules/express/node_modules/connect/node_modules/___formidable.npm/package/test/fixture/js/no-filename.js
silly asyncMap in gTP /usr/local/lib/node_modules/express/node_modules/connect/node_modules/___formidable.npm/package/test/fixture/js/special-chars-in-filename.js
silly asyncMap in gTP /usr/local/lib/node_modules/express/node_modules/connect/node_modules/___formidable.npm/package/test/fixture/http
silly asyncMap in gTP /usr/local/lib/node_modules/express/node_modules/connect/node_modules/___formidable.npm/package/test/fixture/http/no-filename
silly asyncMap in gTP /usr/local/lib/node_modules/express/node_modules/connect/node_modules/___formidable.npm/package/test/fixture/http/no-filename/generic.http
silly asyncMap in gTP /usr/local/lib/node_modules/express/node_modules/connect/node_modules/___formidable.npm/package/test/fixture/http/special-chars-in-filename
silly asyncMap in gTP /usr/local/lib/node_modules/express/node_modules/connect/node_modules/___formidable.npm/package/test/fixture/http/special-chars-in-filename/info.md
silly asyncMap in gTP /usr/local/lib/node_modules/express/node_modules/connect/node_modules/___formidable.npm/package/test/fixture/http/special-chars-in-filename/osx-chrome-13.http
silly asyncMap in gTP /usr/local/lib/node_modules/express/node_modules/connect/node_modules/___formidable.npm/package/test/fixture/http/special-chars-in-filename/osx-firefox-3.6.http
silly asyncMap in gTP /usr/local/lib/node_modules/express/node_modules/connect/node_modules/___formidable.npm/package/test/fixture/http/special-chars-in-filename/osx-safari-5.http
silly asyncMap in gTP /usr/local/lib/node_modules/express/node_modules/connect/node_modules/___formidable.npm/package/test/fixture/http/special-chars-in-filename/xp-chrome-12.http
silly asyncMap in gTP /usr/local/lib/node_modules/express/node_modules/connect/node_modules/___formidable.npm/package/test/fixture/http/special-chars-in-filename/xp-ie-7.http
silly asyncMap in gTP /usr/local/lib/node_modules/express/node_modules/connect/node_modules/___formidable.npm/package/test/fixture/http/special-chars-in-filename/xp-ie-8.http
silly asyncMap in gTP /usr/local/lib/node_modules/express/node_modules/connect/node_modules/___formidable.npm/package/test/fixture/http/special-chars-in-filename/xp-safari-5.http
verbose gunzed /usr/local/lib/node_modules/express/node_modules/connect/node_modules/___formidable.npm/package
verbose rm'ed /usr/local/lib/node_modules/express/node_modules/connect/node_modules/formidable
verbose renamed [ '/usr/local/lib/node_modules/express/node_modules/connect/node_modules/___formidable.npm/package',
verbose renamed   '/usr/local/lib/node_modules/express/node_modules/connect/node_modules/formidable' ]
silly testEngine { name: 'formidable',
silly testEngine   version: '1.0.8',
silly testEngine   dependencies: {},
silly testEngine   devDependencies: 
silly testEngine    { gently: '0.8.0',
silly testEngine      findit: '0.1.1',
silly testEngine      hashish: '0.0.4',
silly testEngine      urun: '0.0.4',
silly testEngine      utest: '0.0.3' },
silly testEngine   directories: { lib: './lib' },
silly testEngine   main: './lib/index',
silly testEngine   scripts: { test: 'make test' },
silly testEngine   engines: { node: '*' },
silly testEngine   _id: 'formidable@1.0.8',
silly testEngine   _engineSupported: true,
silly testEngine   _npmVersion: '1.0.106',
silly testEngine   _nodeVersion: 'v0.6.6',
silly testEngine   _defaultsLoaded: true }
verbose caching /usr/local/lib/node_modules/express/node_modules/connect/node_modules/formidable/package.json
verbose loadDefaults formidable@1.0.8
info preinstall formidable@1.0.8
verbose from cache /usr/local/lib/node_modules/express/node_modules/connect/node_modules/formidable/package.json
verbose into /usr/local/lib/node_modules/express/node_modules/connect/node_modules/formidable []
silly resolved []
verbose about to build /usr/local/lib/node_modules/express/node_modules/connect/node_modules/formidable
info build /usr/local/lib/node_modules/express/node_modules/connect/node_modules/formidable
verbose from cache /usr/local/lib/node_modules/express/node_modules/connect/node_modules/formidable/package.json
verbose linkStuff [ true,
verbose linkStuff   '/usr/local/lib/node_modules',
verbose linkStuff   false,
verbose linkStuff   '/usr/local/lib/node_modules/express/node_modules/connect/node_modules' ]
info linkStuff formidable@1.0.8
verbose linkBins formidable@1.0.8
verbose linkMans formidable@1.0.8
verbose rebuildBundles formidable@1.0.8
info install formidable@1.0.8
info postinstall formidable@1.0.8
verbose installOne cb formidable@1.0.8
verbose about to build /usr/local/lib/node_modules/express/node_modules/connect
info build /usr/local/lib/node_modules/express/node_modules/connect
verbose from cache /usr/local/lib/node_modules/express/node_modules/connect/package.json
verbose linkStuff [ true,
verbose linkStuff   '/usr/local/lib/node_modules',
verbose linkStuff   false,
verbose linkStuff   '/usr/local/lib/node_modules/express/node_modules' ]
info linkStuff connect@1.8.5
verbose linkBins connect@1.8.5
verbose linkMans connect@1.8.5
verbose rebuildBundles connect@1.8.5
verbose rebuildBundles [ 'formidable' ]
info install connect@1.8.5
info postinstall connect@1.8.5
verbose installOne cb connect@1.8.5
verbose about to build /usr/local/lib/node_modules/express
info build /usr/local/lib/node_modules/express
verbose from cache /usr/local/lib/node_modules/express/package.json
verbose linkStuff [ true,
verbose linkStuff   '/usr/local/lib/node_modules',
verbose linkStuff   true,
verbose linkStuff   '/usr/local/lib/node_modules' ]
info linkStuff express@2.5.8
verbose linkBins express@2.5.8
verbose bins linking [ { express: './bin/express' }, '/usr/local/bin', true ]
verbose linkMans express@2.5.8
verbose rebuildBundles express@2.5.8
verbose rebuildBundles [ 'connect', 'mime', 'mkdirp', 'qs' ]
ERR! error installing express@2.5.8 Error: Refusing to delete: /usr/local/bin/express not in /usr/local/lib/node_modules/express
ERR! error installing express@2.5.8     at clobberFail (/usr/local/lib/node_modules/npm/node_modules/rimraf/rimraf.js:110:12)
ERR! error installing express@2.5.8     at next (/usr/local/lib/node_modules/npm/node_modules/rimraf/rimraf.js:97:42)
ERR! error installing express@2.5.8     at /usr/local/lib/node_modules/npm/node_modules/rimraf/rimraf.js:105:12
ERR! error installing express@2.5.8     at Object.cb [as oncomplete] (/usr/local/lib/node_modules/npm/node_modules/graceful-fs/graceful-fs.js:36:9)
info unbuild /usr/local/lib/node_modules/express
verbose from cache /usr/local/lib/node_modules/express/package.json
info preuninstall express@2.5.8
info uninstall express@2.5.8
verbose unbuild express@2.5.8 [ true,
verbose unbuild express@2.5.8   '/usr/local/lib/node_modules',
verbose unbuild express@2.5.8   '/usr/local/lib/node_modules' ]
verbose binRoot [ '/usr/local/bin', { express: './bin/express' } ]
ERR! error rolling back express@2.5.8 Error: Refusing to delete: /usr/local/bin/express not in /usr/local/lib/node_modules/express
ERR! error rolling back express@2.5.8     at clobberFail (/usr/local/lib/node_modules/npm/node_modules/rimraf/rimraf.js:110:12)
ERR! error rolling back express@2.5.8     at next (/usr/local/lib/node_modules/npm/node_modules/rimraf/rimraf.js:97:42)
ERR! error rolling back express@2.5.8     at /usr/local/lib/node_modules/npm/node_modules/rimraf/rimraf.js:105:12
ERR! error rolling back express@2.5.8     at Object.cb [as oncomplete] (/usr/local/lib/node_modules/npm/node_modules/graceful-fs/graceful-fs.js:36:9)
verbose installOne cb express@2.5.8
ERR! Error: Refusing to delete: /usr/local/bin/express not in /usr/local/lib/node_modules/express
ERR!     at clobberFail (/usr/local/lib/node_modules/npm/node_modules/rimraf/rimraf.js:110:12)
ERR!     at next (/usr/local/lib/node_modules/npm/node_modules/rimraf/rimraf.js:97:42)
ERR!     at /usr/local/lib/node_modules/npm/node_modules/rimraf/rimraf.js:105:12
ERR!     at Object.cb [as oncomplete] (/usr/local/lib/node_modules/npm/node_modules/graceful-fs/graceful-fs.js:36:9)
ERR! Report this *entire* log at:
ERR!     <http://github.com/isaacs/npm/issues>
ERR! or email it to:
ERR!     <npm-@googlegroups.com>
ERR! 
ERR! System Darwin 10.7.0
ERR! command "node" "/usr/local/bin/npm" "install" "express" "-g"
ERR! cwd /Users/elenagragasin/webdev/omegawd.new/editor
ERR! node -v v0.6.6
ERR! npm -v 1.0.106
ERR! path /usr/local/bin/express
ERR! code EEXIST
verbose exit [ 1, true ]
